info: Server started at http://localhost:3000/api/v1/ {"timestamp":"2024-11-13T18:30:13.556Z"}
info: Connected to the database. {"timestamp":"2024-11-13T18:30:13.619Z"}
info: Server started at http://localhost:3000/api/v1/ {"timestamp":"2024-11-13T18:32:40.675Z"}
info: Connected to the database. {"timestamp":"2024-11-13T18:32:40.738Z"}
info: Server started at http://localhost:3000/api/v1/ {"timestamp":"2024-11-13T18:33:26.039Z"}
info: Connected to the database. {"timestamp":"2024-11-13T18:33:26.090Z"}
info: Server started at http://localhost:3000/api/v1/ {"timestamp":"2024-11-13T18:36:23.106Z"}
info: Connected to the database. {"timestamp":"2024-11-13T18:36:23.157Z"}
info: Server started at http://localhost:3000/api/v1/ {"timestamp":"2024-11-13T18:38:49.037Z"}
info: Connected to the database. {"timestamp":"2024-11-13T18:38:49.091Z"}
info: Server started at http://localhost:3000/api/v1/ {"timestamp":"2024-11-13T18:40:54.997Z"}
info: Connected to the database. {"timestamp":"2024-11-13T18:40:55.065Z"}
info: Server started at http://localhost:3000/api/v1/ {"timestamp":"2024-11-13T18:42:23.274Z"}
info: Connected to the database. {"timestamp":"2024-11-13T18:42:23.304Z"}
info: Server started at http://localhost:3000/api/v1/ {"timestamp":"2024-11-13T18:43:28.081Z"}
info: Connected to the database. {"timestamp":"2024-11-13T18:43:28.138Z"}
info: Server started at http://localhost:3000/api/v1/ {"timestamp":"2024-11-13T18:45:53.786Z"}
info: Connected to the database. {"timestamp":"2024-11-13T18:45:53.848Z"}
info: Server started at http://localhost:3000/api/v1/ {"timestamp":"2024-11-13T18:46:52.652Z"}
info: Connected to the database. {"timestamp":"2024-11-13T18:46:52.711Z"}
info: Server started at http://localhost:3000/api/v1/ {"timestamp":"2024-11-13T18:49:31.281Z"}
info: Connected to the database. {"timestamp":"2024-11-13T18:49:31.341Z"}
info: Server started at http://localhost:3000/api/v1/ {"timestamp":"2024-11-13T18:50:56.167Z"}
info: Connected to the database. {"timestamp":"2024-11-13T18:50:56.221Z"}
info: Server started at http://localhost:3000/api/v1/ {"timestamp":"2024-11-13T18:53:43.888Z"}
info: Connected to the database. {"timestamp":"2024-11-13T18:53:43.943Z"}
info: Server started at http://localhost:3000/api/v1/ {"timestamp":"2024-11-13T18:54:29.965Z"}
info: Connected to the database. {"timestamp":"2024-11-13T18:54:29.990Z"}
info: Server started at http://localhost:3000/api/v1/ {"timestamp":"2024-11-13T18:54:52.931Z"}
info: Connected to the database. {"timestamp":"2024-11-13T18:54:52.982Z"}
info: Server started at http://localhost:3000/api/v1/ {"timestamp":"2024-11-14T02:29:46.661Z"}
info: Connected to the database. {"timestamp":"2024-11-14T02:29:46.714Z"}
info: Server started at http://localhost:3000/api/v1/ {"timestamp":"2024-11-14T05:11:37.704Z"}
info: Connected to the database. {"timestamp":"2024-11-14T05:11:37.734Z"}
info: Server started at http://localhost:3000/api/v1/ {"timestamp":"2024-11-14T05:18:34.886Z"}
info: Connected to the database. {"timestamp":"2024-11-14T05:18:34.941Z"}
info: Server started at http://localhost:3000/api/v1/ {"timestamp":"2024-11-14T05:22:36.218Z"}
info: Connected to the database. {"timestamp":"2024-11-14T05:22:36.269Z"}
info: Server started at http://localhost:3000/api/v1/ {"timestamp":"2024-11-14T05:24:50.181Z"}
info: Connected to the database. {"timestamp":"2024-11-14T05:24:50.238Z"}
info: Server started at http://localhost:3000/api/v1/ {"timestamp":"2024-11-14T05:36:16.661Z"}
info: Connected to the database. {"timestamp":"2024-11-14T05:36:16.711Z"}
info: Server started at http://localhost:3000/api/v1/ {"timestamp":"2024-11-14T05:37:08.743Z"}
info: Connected to the database. {"timestamp":"2024-11-14T05:37:08.800Z"}
info: Server started at http://localhost:3000/api/v1/ {"timestamp":"2024-11-14T05:41:16.824Z"}
info: Connected to the database. {"timestamp":"2024-11-14T05:41:16.873Z"}
info: Server started at http://localhost:3000/api/v1/ {"timestamp":"2024-11-14T05:46:33.248Z"}
info: Connected to the database. {"timestamp":"2024-11-14T05:46:33.299Z"}
info: Server started at http://localhost:3000/api/v1/ {"timestamp":"2024-11-14T05:49:13.363Z"}
info: Connected to the database. {"timestamp":"2024-11-14T05:49:13.422Z"}
info: Server started at http://localhost:3000/api/v1/ {"timestamp":"2024-11-14T05:49:43.214Z"}
info: Connected to the database. {"timestamp":"2024-11-14T05:49:43.266Z"}
info: Server started at http://localhost:3000/api/v1/ {"timestamp":"2024-11-14T05:50:09.080Z"}
info: Connected to the database. {"timestamp":"2024-11-14T05:50:09.142Z"}
info: Server started at http://localhost:3000/api/v1/ {"timestamp":"2024-11-14T05:50:42.592Z"}
info: Connected to the database. {"timestamp":"2024-11-14T05:50:42.643Z"}
info: Server started at http://localhost:3000/api/v1/ {"timestamp":"2024-11-14T05:52:50.897Z"}
info: Connected to the database. {"timestamp":"2024-11-14T05:52:50.950Z"}
info: Server started at http://localhost:3000/api/v1/ {"timestamp":"2024-11-14T05:53:29.375Z"}
info: Connected to the database. {"timestamp":"2024-11-14T05:53:29.430Z"}
info: Server started at http://localhost:3000/api/v1/ {"timestamp":"2024-11-14T05:54:10.599Z"}
info: Connected to the database. {"timestamp":"2024-11-14T05:54:10.670Z"}
info: Server started at http://localhost:3000/api/v1/ {"timestamp":"2024-11-14T05:54:44.587Z"}
info: Connected to the database. {"timestamp":"2024-11-14T05:54:44.635Z"}
info: Server started at http://localhost:3000/api/v1/ {"timestamp":"2024-11-14T05:58:09.749Z"}
info: Connected to the database. {"timestamp":"2024-11-14T05:58:09.772Z"}
info: Server started at http://localhost:3000/api/v1/ {"timestamp":"2024-11-14T06:03:44.663Z"}
info: Connected to the database. {"timestamp":"2024-11-14T06:03:44.716Z"}
info: Server started at http://localhost:3000/api/v1/ {"timestamp":"2024-11-14T06:03:48.255Z"}
info: Connected to the database. {"timestamp":"2024-11-14T06:03:48.303Z"}
info: Server started at http://localhost:3000/api/v1/ {"timestamp":"2024-11-14T06:07:34.074Z"}
info: Connected to the database. {"timestamp":"2024-11-14T06:07:34.097Z"}
info: Server started at http://localhost:3000/api/v1/ {"timestamp":"2024-11-14T06:10:55.988Z"}
info: Connected to the database. {"timestamp":"2024-11-14T06:10:56.010Z"}
info: Server started at http://localhost:3000/api/v1/ {"timestamp":"2024-11-14T06:11:25.521Z"}
info: Connected to the database. {"timestamp":"2024-11-14T06:11:25.544Z"}
info: Server started at http://localhost:3000/api/v1/ {"timestamp":"2024-11-14T06:15:43.808Z"}
info: Connected to the database. {"timestamp":"2024-11-14T06:15:43.856Z"}
info: Server started at http://localhost:3000/api/v1/ {"timestamp":"2024-11-14T06:19:08.452Z"}
info: Connected to the database. {"timestamp":"2024-11-14T06:19:08.477Z"}
info: Server started at http://localhost:3000/api/v1/ {"timestamp":"2024-11-14T06:19:56.878Z"}
info: Connected to the database. {"timestamp":"2024-11-14T06:19:56.900Z"}
info: Server started at http://localhost:3000/api/v1/ {"timestamp":"2024-11-14T06:20:00.163Z"}
info: Connected to the database. {"timestamp":"2024-11-14T06:20:00.212Z"}
info: Server started at http://localhost:3000/api/v1/ {"timestamp":"2024-11-14T06:21:46.735Z"}
info: Connected to the database. {"timestamp":"2024-11-14T06:21:46.757Z"}
info: Server started at http://localhost:3000/api/v1/ {"timestamp":"2024-11-14T06:21:51.652Z"}
info: Connected to the database. {"timestamp":"2024-11-14T06:21:51.715Z"}
info: Server started at http://localhost:3000/api/v1/ {"timestamp":"2024-11-14T06:22:07.732Z"}
info: Connected to the database. {"timestamp":"2024-11-14T06:22:07.832Z"}
info: Server started at http://localhost:3000/api/v1/ {"timestamp":"2024-11-14T06:23:11.469Z"}
info: Connected to the database. {"timestamp":"2024-11-14T06:23:11.491Z"}
info: Server started at http://localhost:3000/api/v1/ {"timestamp":"2024-11-14T06:31:02.807Z"}
info: Connected to the database. {"timestamp":"2024-11-14T06:31:02.830Z"}
error: 
    status - 500 
    message - ValidationError: Password must be at least 10 characters long! 
    url - /api/v1/fundonotes/user/register 
    method - POST 
    IP - ::1
   {"timestamp":"2024-11-14T06:32:21.297Z"}
info: Server started at http://localhost:3000/api/v1/ {"timestamp":"2024-11-14T06:38:15.189Z"}
info: Connected to the database. {"timestamp":"2024-11-14T06:38:15.211Z"}
info: Server started at http://localhost:3000/api/v1/ {"timestamp":"2024-11-14T06:38:41.852Z"}
info: Connected to the database. {"timestamp":"2024-11-14T06:38:41.875Z"}
info: Server started at http://localhost:3000/api/v1/ {"timestamp":"2024-11-14T06:38:44.144Z"}
info: Connected to the database. {"timestamp":"2024-11-14T06:38:44.201Z"}
info: Server started at http://localhost:3000/api/v1/ {"timestamp":"2024-11-14T06:39:18.118Z"}
info: Connected to the database. {"timestamp":"2024-11-14T06:39:18.169Z"}
info: Server started at http://localhost:3000/api/v1/ {"timestamp":"2024-11-14T06:39:43.261Z"}
info: Connected to the database. {"timestamp":"2024-11-14T06:39:43.318Z"}
info: Server started at http://localhost:3000/api/v1/ {"timestamp":"2024-11-14T06:40:20.149Z"}
info: Connected to the database. {"timestamp":"2024-11-14T06:40:20.213Z"}
info: Server started at http://localhost:3000/api/v1/ {"timestamp":"2024-11-14T06:40:23.290Z"}
info: Connected to the database. {"timestamp":"2024-11-14T06:40:23.345Z"}
info: Server started at http://localhost:3000/api/v1/ {"timestamp":"2024-11-14T06:40:32.499Z"}
info: Connected to the database. {"timestamp":"2024-11-14T06:40:32.522Z"}
info: Server started at http://localhost:3000/api/v1/ {"timestamp":"2024-11-14T06:41:19.549Z"}
info: Connected to the database. {"timestamp":"2024-11-14T06:41:19.596Z"}
info: Server started at http://localhost:3000/api/v1/ {"timestamp":"2024-11-14T06:41:24.020Z"}
info: Connected to the database. {"timestamp":"2024-11-14T06:41:24.051Z"}
info: Server started at http://localhost:3000/api/v1/ {"timestamp":"2024-11-14T06:41:28.376Z"}
info: Connected to the database. {"timestamp":"2024-11-14T06:41:28.435Z"}
info: Server started at http://localhost:3000/api/v1/ {"timestamp":"2024-11-14T06:41:54.320Z"}
info: Connected to the database. {"timestamp":"2024-11-14T06:41:54.379Z"}
info: Server started at http://localhost:3000/api/v1/ {"timestamp":"2024-11-14T06:43:23.987Z"}
info: Connected to the database. {"timestamp":"2024-11-14T06:43:24.021Z"}
info: Server started at http://localhost:3000/api/v1/ {"timestamp":"2024-11-14T06:43:35.930Z"}
info: Connected to the database. {"timestamp":"2024-11-14T06:43:36.001Z"}
info: Server started at http://localhost:3000/api/v1/ {"timestamp":"2024-11-14T06:43:39.403Z"}
info: Connected to the database. {"timestamp":"2024-11-14T06:43:39.508Z"}
info: Server started at http://localhost:3000/api/v1/ {"timestamp":"2024-11-14T06:43:53.906Z"}
info: Connected to the database. {"timestamp":"2024-11-14T06:43:53.961Z"}
info: Server started at http://localhost:3000/api/v1/ {"timestamp":"2024-11-14T06:44:42.348Z"}
info: Connected to the database. {"timestamp":"2024-11-14T06:44:42.423Z"}
info: Server started at http://localhost:3000/api/v1/ {"timestamp":"2024-11-14T06:44:45.231Z"}
info: Connected to the database. {"timestamp":"2024-11-14T06:44:45.257Z"}
info: Server started at http://localhost:3000/api/v1/ {"timestamp":"2024-11-14T06:44:57.310Z"}
info: Connected to the database. {"timestamp":"2024-11-14T06:44:57.335Z"}
info: Server started at http://localhost:3000/api/v1/ {"timestamp":"2024-11-14T06:45:00.549Z"}
info: Connected to the database. {"timestamp":"2024-11-14T06:45:00.601Z"}
info: Server started at http://localhost:3000/api/v1/ {"timestamp":"2024-11-14T06:45:16.151Z"}
info: Connected to the database. {"timestamp":"2024-11-14T06:45:16.211Z"}
info: Server started at http://localhost:3000/api/v1/ {"timestamp":"2024-11-14T06:45:21.450Z"}
info: Connected to the database. {"timestamp":"2024-11-14T06:45:21.473Z"}
info: Server started at http://localhost:3000/api/v1/ {"timestamp":"2024-11-14T06:46:16.980Z"}
info: Connected to the database. {"timestamp":"2024-11-14T06:46:17.036Z"}
info: Server started at http://localhost:3000/api/v1/ {"timestamp":"2024-11-14T06:47:45.062Z"}
info: Connected to the database. {"timestamp":"2024-11-14T06:47:45.112Z"}
info: Server started at http://localhost:3000/api/v1/ {"timestamp":"2024-11-14T06:48:15.136Z"}
info: Connected to the database. {"timestamp":"2024-11-14T06:48:15.183Z"}
info: Server started at http://localhost:3000/api/v1/ {"timestamp":"2024-11-14T06:49:54.249Z"}
info: Connected to the database. {"timestamp":"2024-11-14T06:49:54.298Z"}
info: Server started at http://localhost:3000/api/v1/ {"timestamp":"2024-11-14T06:50:16.006Z"}
info: Connected to the database. {"timestamp":"2024-11-14T06:50:16.060Z"}
info: Server started at http://localhost:3000/api/v1/ {"timestamp":"2024-11-14T06:50:22.648Z"}
info: Connected to the database. {"timestamp":"2024-11-14T06:50:22.697Z"}
info: Server started at http://localhost:3000/api/v1/ {"timestamp":"2024-11-14T06:51:34.996Z"}
info: Connected to the database. {"timestamp":"2024-11-14T06:51:35.023Z"}
info: Server started at http://localhost:3000/api/v1/ {"timestamp":"2024-11-14T06:52:00.859Z"}
info: Connected to the database. {"timestamp":"2024-11-14T06:52:00.922Z"}
info: Server started at http://localhost:3000/api/v1/ {"timestamp":"2024-11-14T06:52:27.813Z"}
info: Connected to the database. {"timestamp":"2024-11-14T06:52:27.861Z"}
info: Server started at http://localhost:3000/api/v1/ {"timestamp":"2024-11-14T06:52:35.970Z"}
info: Connected to the database. {"timestamp":"2024-11-14T06:52:35.995Z"}
info: Server started at http://localhost:3000/api/v1/ {"timestamp":"2024-11-14T06:52:39.664Z"}
info: Connected to the database. {"timestamp":"2024-11-14T06:52:39.725Z"}
info: Server started at http://localhost:3000/api/v1/ {"timestamp":"2024-11-14T06:55:03.143Z"}
info: Connected to the database. {"timestamp":"2024-11-14T06:55:03.201Z"}
info: Server started at http://localhost:3000/api/v1/ {"timestamp":"2024-11-14T06:55:06.837Z"}
info: Connected to the database. {"timestamp":"2024-11-14T06:55:06.902Z"}
info: Server started at http://localhost:3000/api/v1/ {"timestamp":"2024-11-14T06:55:53.152Z"}
info: Connected to the database. {"timestamp":"2024-11-14T06:55:53.208Z"}
info: Server started at http://localhost:3000/api/v1/ {"timestamp":"2024-11-14T06:57:53.847Z"}
info: Connected to the database. {"timestamp":"2024-11-14T06:57:53.905Z"}
error: 
    status - 500 
    message - TypeError: Cannot read properties of undefined (reading 'length')
    at NoteValidator.uData (E:\Project1\FundDoNotes\src\validators\note.validator.ts:44:24)
    at Layer.handle [as handle_request] (E:\Project1\FundDoNotes\node_modules\express\lib\router\layer.js:95:5)
    at next (E:\Project1\FundDoNotes\node_modules\express\lib\router\route.js:149:13)
    at E:\Project1\FundDoNotes\src\middlewares\auth.middleware.ts:25:7
    at Generator.next (<anonymous>)
    at fulfilled (E:\Project1\FundDoNotes\src\middlewares\auth.middleware.ts:5:58)
    at processTicksAndRejections (node:internal/process/task_queues:95:5) 
    url - /api/v1/fundonotes/usernotes/createnote 
    method - POST 
    IP - ::ffff:127.0.0.1
   {"timestamp":"2024-11-14T06:57:54.611Z"}
info: Server started at http://localhost:3000/api/v1/ {"timestamp":"2024-11-14T06:58:50.900Z"}
info: Connected to the database. {"timestamp":"2024-11-14T06:58:50.946Z"}
error: 
    status - 500 
    message - TypeError: Cannot read properties of undefined (reading 'length')
    at NoteValidator.uData (E:\Project1\FundDoNotes\src\validators\note.validator.ts:44:24)
    at Layer.handle [as handle_request] (E:\Project1\FundDoNotes\node_modules\express\lib\router\layer.js:95:5)
    at next (E:\Project1\FundDoNotes\node_modules\express\lib\router\route.js:149:13)
    at E:\Project1\FundDoNotes\src\middlewares\auth.middleware.ts:25:7
    at Generator.next (<anonymous>)
    at fulfilled (E:\Project1\FundDoNotes\src\middlewares\auth.middleware.ts:5:58)
    at processTicksAndRejections (node:internal/process/task_queues:95:5) 
    url - /api/v1/fundonotes/usernotes/createnote 
    method - POST 
    IP - ::ffff:127.0.0.1
   {"timestamp":"2024-11-14T06:58:51.648Z"}
info: Server started at http://localhost:3000/api/v1/ {"timestamp":"2024-11-14T07:01:33.694Z"}
info: Connected to the database. {"timestamp":"2024-11-14T07:01:33.745Z"}
error: 
    status - 500 
    message - TypeError: Cannot read properties of undefined (reading 'length')
    at NoteValidator.uData (E:\Project1\FundDoNotes\src\validators\note.validator.ts:44:24)
    at Layer.handle [as handle_request] (E:\Project1\FundDoNotes\node_modules\express\lib\router\layer.js:95:5)
    at next (E:\Project1\FundDoNotes\node_modules\express\lib\router\route.js:149:13)
    at E:\Project1\FundDoNotes\src\middlewares\auth.middleware.ts:25:7
    at Generator.next (<anonymous>)
    at fulfilled (E:\Project1\FundDoNotes\src\middlewares\auth.middleware.ts:5:58)
    at processTicksAndRejections (node:internal/process/task_queues:95:5) 
    url - /api/v1/fundonotes/usernotes/createnote 
    method - POST 
    IP - ::ffff:127.0.0.1
   {"timestamp":"2024-11-14T07:01:34.458Z"}
info: Server started at http://localhost:3000/api/v1/ {"timestamp":"2024-11-14T07:03:21.464Z"}
info: Connected to the database. {"timestamp":"2024-11-14T07:03:21.521Z"}
error: 
    status - 500 
    message - TypeError: Cannot read properties of undefined (reading 'length')
    at NoteValidator.uData (E:\Project1\FundDoNotes\src\validators\note.validator.ts:44:24)
    at Layer.handle [as handle_request] (E:\Project1\FundDoNotes\node_modules\express\lib\router\layer.js:95:5)
    at next (E:\Project1\FundDoNotes\node_modules\express\lib\router\route.js:149:13)
    at E:\Project1\FundDoNotes\src\middlewares\auth.middleware.ts:25:7
    at Generator.next (<anonymous>)
    at fulfilled (E:\Project1\FundDoNotes\src\middlewares\auth.middleware.ts:5:58)
    at processTicksAndRejections (node:internal/process/task_queues:95:5) 
    url - /api/v1/fundonotes/usernotes/createnote 
    method - POST 
    IP - ::ffff:127.0.0.1
   {"timestamp":"2024-11-14T07:03:22.283Z"}
info: Server started at http://localhost:3000/api/v1/ {"timestamp":"2024-11-14T07:05:00.909Z"}
info: Connected to the database. {"timestamp":"2024-11-14T07:05:00.931Z"}
error: 
    status - 500 
    message - TypeError: Cannot read properties of undefined (reading 'length')
    at NoteValidator.uData (E:\Project1\FundDoNotes\src\validators\note.validator.ts:44:24)
    at Layer.handle [as handle_request] (E:\Project1\FundDoNotes\node_modules\express\lib\router\layer.js:95:5)
    at next (E:\Project1\FundDoNotes\node_modules\express\lib\router\route.js:149:13)
    at E:\Project1\FundDoNotes\src\middlewares\auth.middleware.ts:25:7
    at Generator.next (<anonymous>)
    at fulfilled (E:\Project1\FundDoNotes\src\middlewares\auth.middleware.ts:5:58)
    at processTicksAndRejections (node:internal/process/task_queues:95:5) 
    url - /api/v1/fundonotes/usernotes/createnote 
    method - POST 
    IP - ::ffff:127.0.0.1
   {"timestamp":"2024-11-14T07:05:01.402Z"}
info: Server started at http://localhost:3000/api/v1/ {"timestamp":"2024-11-14T07:06:26.712Z"}
info: Connected to the database. {"timestamp":"2024-11-14T07:06:26.769Z"}
info: Server started at http://localhost:3000/api/v1/ {"timestamp":"2024-11-14T07:06:42.280Z"}
info: Connected to the database. {"timestamp":"2024-11-14T07:06:42.333Z"}
info: Server started at http://localhost:3000/api/v1/ {"timestamp":"2024-11-14T07:07:05.751Z"}
info: Connected to the database. {"timestamp":"2024-11-14T07:07:05.809Z"}
info: Server started at http://localhost:3000/api/v1/ {"timestamp":"2024-11-14T07:22:08.685Z"}
info: Connected to the database. {"timestamp":"2024-11-14T07:22:08.740Z"}
info: Server started at http://localhost:3000/api/v1/ {"timestamp":"2024-11-14T11:03:14.163Z"}
info: Connected to the database. {"timestamp":"2024-11-14T11:03:14.223Z"}
