info: Server started at http://localhost:3000/api/v1/ {"timestamp":"2024-11-16T07:16:37.513Z"}
info: Connected to the database. {"timestamp":"2024-11-16T07:16:37.569Z"}
info: Server started at http://localhost:3000/api/v1/ {"timestamp":"2024-11-16T07:26:01.301Z"}
info: Connected to the database. {"timestamp":"2024-11-16T07:26:01.362Z"}
info: Server started at http://localhost:3000/api/v1/ {"timestamp":"2024-11-16T07:31:45.537Z"}
info: Connected to the database. {"timestamp":"2024-11-16T07:31:45.584Z"}
info: Server started at http://localhost:3000/api/v1/ {"timestamp":"2024-11-16T07:31:50.290Z"}
info: Connected to the database. {"timestamp":"2024-11-16T07:31:50.337Z"}
info: Server started at http://localhost:3000/api/v1/ {"timestamp":"2024-11-16T07:32:22.891Z"}
info: Connected to the database. {"timestamp":"2024-11-16T07:32:22.928Z"}
info: Server started at http://localhost:3000/api/v1/ {"timestamp":"2024-11-16T07:32:43.523Z"}
info: Connected to the database. {"timestamp":"2024-11-16T07:32:43.631Z"}
info: Server started at http://localhost:3000/api/v1/ {"timestamp":"2024-11-16T07:32:51.856Z"}
info: Connected to the database. {"timestamp":"2024-11-16T07:32:51.886Z"}
info: Server started at http://localhost:3000/api/v1/ {"timestamp":"2024-11-16T07:32:56.349Z"}
info: Connected to the database. {"timestamp":"2024-11-16T07:32:56.411Z"}
info: Server started at http://localhost:3000/api/v1/ {"timestamp":"2024-11-16T07:35:03.492Z"}
info: Connected to the database. {"timestamp":"2024-11-16T07:35:03.616Z"}
info: Server started at http://localhost:3000/api/v1/ {"timestamp":"2024-11-16T07:36:36.155Z"}
info: Connected to the database. {"timestamp":"2024-11-16T07:36:36.185Z"}
info: Server started at http://localhost:3000/api/v1/ {"timestamp":"2024-11-16T07:36:46.442Z"}
info: Connected to the database. {"timestamp":"2024-11-16T07:36:46.467Z"}
info: Server started at http://localhost:3000/api/v1/ {"timestamp":"2024-11-16T07:36:48.853Z"}
info: Connected to the database. {"timestamp":"2024-11-16T07:36:48.884Z"}
info: Server started at http://localhost:3000/api/v1/ {"timestamp":"2024-11-16T07:37:08.873Z"}
info: Connected to the database. {"timestamp":"2024-11-16T07:37:08.949Z"}
info: Server started at http://localhost:3000/api/v1/ {"timestamp":"2024-11-16T07:37:23.432Z"}
info: Connected to the database. {"timestamp":"2024-11-16T07:37:23.464Z"}
info: Server started at http://localhost:3000/api/v1/ {"timestamp":"2024-11-16T07:37:53.175Z"}
info: Connected to the database. {"timestamp":"2024-11-16T07:37:53.224Z"}
info: Server started at http://localhost:3000/api/v1/ {"timestamp":"2024-11-16T07:38:07.617Z"}
info: Connected to the database. {"timestamp":"2024-11-16T07:38:07.648Z"}
info: Server started at http://localhost:3000/api/v1/ {"timestamp":"2024-11-16T07:38:20.129Z"}
info: Connected to the database. {"timestamp":"2024-11-16T07:38:20.157Z"}
info: Server started at http://localhost:3000/api/v1/ {"timestamp":"2024-11-16T07:38:22.839Z"}
info: Connected to the database. {"timestamp":"2024-11-16T07:38:22.866Z"}
info: Server started at http://localhost:3000/api/v1/ {"timestamp":"2024-11-16T07:38:37.798Z"}
info: Connected to the database. {"timestamp":"2024-11-16T07:38:37.825Z"}
info: Server started at http://localhost:3000/api/v1/ {"timestamp":"2024-11-16T07:38:39.894Z"}
info: Connected to the database. {"timestamp":"2024-11-16T07:38:39.919Z"}
info: Server started at http://localhost:3000/api/v1/ {"timestamp":"2024-11-16T07:38:57.212Z"}
info: Connected to the database. {"timestamp":"2024-11-16T07:38:57.241Z"}
info: Server started at http://localhost:3000/api/v1/ {"timestamp":"2024-11-16T07:39:00.082Z"}
info: Connected to the database. {"timestamp":"2024-11-16T07:39:00.106Z"}
info: Server started at http://localhost:3000/api/v1/ {"timestamp":"2024-11-16T07:39:06.658Z"}
info: Connected to the database. {"timestamp":"2024-11-16T07:39:06.683Z"}
info: Server started at http://localhost:3000/api/v1/ {"timestamp":"2024-11-16T07:42:56.761Z"}
info: Connected to the database. {"timestamp":"2024-11-16T07:42:56.854Z"}
info: Server started at http://localhost:3000/api/v1/ {"timestamp":"2024-11-16T07:49:38.911Z"}
info: Connected to the database. {"timestamp":"2024-11-16T07:49:38.975Z"}
info: Server started at http://localhost:3000/api/v1/ {"timestamp":"2024-11-16T07:49:44.855Z"}
info: Connected to the database. {"timestamp":"2024-11-16T07:49:44.888Z"}
info: Server started at http://localhost:3000/api/v1/ {"timestamp":"2024-11-16T07:49:48.601Z"}
info: Connected to the database. {"timestamp":"2024-11-16T07:49:48.645Z"}
info: Server started at http://localhost:3000/api/v1/ {"timestamp":"2024-11-16T07:50:42.800Z"}
info: Connected to the database. {"timestamp":"2024-11-16T07:50:42.831Z"}
info: Server started at http://localhost:3000/api/v1/ {"timestamp":"2024-11-16T07:50:48.661Z"}
info: Connected to the database. {"timestamp":"2024-11-16T07:50:48.700Z"}
info: Server started at http://localhost:3000/api/v1/ {"timestamp":"2024-11-16T07:50:51.274Z"}
info: Connected to the database. {"timestamp":"2024-11-16T07:50:51.298Z"}
info: Server started at http://localhost:3000/api/v1/ {"timestamp":"2024-11-16T07:51:10.392Z"}
info: Connected to the database. {"timestamp":"2024-11-16T07:51:10.443Z"}
info: Server started at http://localhost:3000/api/v1/ {"timestamp":"2024-11-16T07:51:37.242Z"}
info: Connected to the database. {"timestamp":"2024-11-16T07:51:37.289Z"}
info: Server started at http://localhost:3000/api/v1/ {"timestamp":"2024-11-16T07:51:41.763Z"}
info: Connected to the database. {"timestamp":"2024-11-16T07:51:41.789Z"}
info: Server started at http://localhost:3000/api/v1/ {"timestamp":"2024-11-16T07:51:48.033Z"}
info: Connected to the database. {"timestamp":"2024-11-16T07:51:48.062Z"}
info: Server started at http://localhost:3000/api/v1/ {"timestamp":"2024-11-16T07:51:54.093Z"}
info: Connected to the database. {"timestamp":"2024-11-16T07:51:54.122Z"}
info: Server started at http://localhost:3000/api/v1/ {"timestamp":"2024-11-16T07:52:06.244Z"}
info: Connected to the database. {"timestamp":"2024-11-16T07:52:06.288Z"}
info: Server started at http://localhost:3000/api/v1/ {"timestamp":"2024-11-16T07:52:10.379Z"}
info: Connected to the database. {"timestamp":"2024-11-16T07:52:10.432Z"}
info: Server started at http://localhost:3000/api/v1/ {"timestamp":"2024-11-16T07:52:13.755Z"}
info: Connected to the database. {"timestamp":"2024-11-16T07:52:13.781Z"}
info: Server started at http://localhost:3000/api/v1/ {"timestamp":"2024-11-16T07:52:21.487Z"}
info: Connected to the database. {"timestamp":"2024-11-16T07:52:21.541Z"}
info: Server started at http://localhost:3000/api/v1/ {"timestamp":"2024-11-16T07:52:27.778Z"}
info: Connected to the database. {"timestamp":"2024-11-16T07:52:27.810Z"}
info: Server started at http://localhost:3000/api/v1/ {"timestamp":"2024-11-16T07:52:35.037Z"}
info: Connected to the database. {"timestamp":"2024-11-16T07:52:35.142Z"}
info: Server started at http://localhost:3000/api/v1/ {"timestamp":"2024-11-16T07:52:41.090Z"}
info: Connected to the database. {"timestamp":"2024-11-16T07:52:41.117Z"}
info: Server started at http://localhost:3000/api/v1/ {"timestamp":"2024-11-16T07:53:03.563Z"}
info: Connected to the database. {"timestamp":"2024-11-16T07:53:03.589Z"}
info: Server started at http://localhost:3000/api/v1/ {"timestamp":"2024-11-16T07:53:20.039Z"}
info: Connected to the database. {"timestamp":"2024-11-16T07:53:20.064Z"}
info: Server started at http://localhost:3000/api/v1/ {"timestamp":"2024-11-16T07:53:40.199Z"}
info: Connected to the database. {"timestamp":"2024-11-16T07:53:40.229Z"}
info: Server started at http://localhost:3000/api/v1/ {"timestamp":"2024-11-16T07:53:43.656Z"}
info: Connected to the database. {"timestamp":"2024-11-16T07:53:43.686Z"}
info: Server started at http://localhost:3000/api/v1/ {"timestamp":"2024-11-16T07:53:45.729Z"}
info: Connected to the database. {"timestamp":"2024-11-16T07:53:45.762Z"}
info: Server started at http://localhost:3000/api/v1/ {"timestamp":"2024-11-16T07:53:50.684Z"}
info: Connected to the database. {"timestamp":"2024-11-16T07:53:50.713Z"}
info: Server started at http://localhost:3000/api/v1/ {"timestamp":"2024-11-16T07:53:53.316Z"}
info: Connected to the database. {"timestamp":"2024-11-16T07:53:53.371Z"}
info: Server started at http://localhost:3000/api/v1/ {"timestamp":"2024-11-16T07:54:01.754Z"}
info: Connected to the database. {"timestamp":"2024-11-16T07:54:01.780Z"}
info: Server started at http://localhost:3000/api/v1/ {"timestamp":"2024-11-16T07:54:24.471Z"}
info: Connected to the database. {"timestamp":"2024-11-16T07:54:24.536Z"}
info: Server started at http://localhost:3000/api/v1/ {"timestamp":"2024-11-16T07:55:21.149Z"}
info: Connected to the database. {"timestamp":"2024-11-16T07:55:21.175Z"}
info: Server started at http://localhost:3000/api/v1/ {"timestamp":"2024-11-16T07:55:27.187Z"}
info: Connected to the database. {"timestamp":"2024-11-16T07:55:27.212Z"}
info: Server started at http://localhost:3000/api/v1/ {"timestamp":"2024-11-16T07:55:30.568Z"}
info: Connected to the database. {"timestamp":"2024-11-16T07:55:30.595Z"}
info: Server started at http://localhost:3000/api/v1/ {"timestamp":"2024-11-16T07:55:41.543Z"}
info: Connected to the database. {"timestamp":"2024-11-16T07:55:41.576Z"}
info: Server started at http://localhost:3000/api/v1/ {"timestamp":"2024-11-16T07:56:06.129Z"}
info: Connected to the database. {"timestamp":"2024-11-16T07:56:06.172Z"}
info: Server started at http://localhost:3000/api/v1/ {"timestamp":"2024-11-16T07:56:16.895Z"}
info: Connected to the database. {"timestamp":"2024-11-16T07:56:16.921Z"}
info: Server started at http://localhost:3000/api/v1/ {"timestamp":"2024-11-16T07:56:22.124Z"}
info: Connected to the database. {"timestamp":"2024-11-16T07:56:22.159Z"}
info: Server started at http://localhost:3000/api/v1/ {"timestamp":"2024-11-16T07:56:24.411Z"}
info: Connected to the database. {"timestamp":"2024-11-16T07:56:24.437Z"}
info: Server started at http://localhost:3000/api/v1/ {"timestamp":"2024-11-16T07:56:27.127Z"}
info: Connected to the database. {"timestamp":"2024-11-16T07:56:27.150Z"}
info: Server started at http://localhost:3000/api/v1/ {"timestamp":"2024-11-16T07:56:31.153Z"}
info: Connected to the database. {"timestamp":"2024-11-16T07:56:31.208Z"}
info: Server started at http://localhost:3000/api/v1/ {"timestamp":"2024-11-16T07:56:34.907Z"}
info: Connected to the database. {"timestamp":"2024-11-16T07:56:34.930Z"}
info: Server started at http://localhost:3000/api/v1/ {"timestamp":"2024-11-16T07:56:43.977Z"}
info: Connected to the database. {"timestamp":"2024-11-16T07:56:44.004Z"}
info: Server started at http://localhost:3000/api/v1/ {"timestamp":"2024-11-16T07:56:48.207Z"}
info: Connected to the database. {"timestamp":"2024-11-16T07:56:48.237Z"}
info: Server started at http://localhost:3000/api/v1/ {"timestamp":"2024-11-16T07:56:51.214Z"}
info: Connected to the database. {"timestamp":"2024-11-16T07:56:51.244Z"}
info: Server started at http://localhost:3000/api/v1/ {"timestamp":"2024-11-16T07:56:54.877Z"}
info: Connected to the database. {"timestamp":"2024-11-16T07:56:54.904Z"}
info: Server started at http://localhost:3000/api/v1/ {"timestamp":"2024-11-16T07:57:11.354Z"}
info: Connected to the database. {"timestamp":"2024-11-16T07:57:11.382Z"}
info: Server started at http://localhost:3000/api/v1/ {"timestamp":"2024-11-16T07:57:24.103Z"}
info: Connected to the database. {"timestamp":"2024-11-16T07:57:24.129Z"}
info: Server started at http://localhost:3000/api/v1/ {"timestamp":"2024-11-16T07:57:27.710Z"}
info: Connected to the database. {"timestamp":"2024-11-16T07:57:27.734Z"}
info: Server started at http://localhost:3000/api/v1/ {"timestamp":"2024-11-16T07:57:30.029Z"}
info: Connected to the database. {"timestamp":"2024-11-16T07:57:30.062Z"}
info: Server started at http://localhost:3000/api/v1/ {"timestamp":"2024-11-16T07:57:32.035Z"}
info: Connected to the database. {"timestamp":"2024-11-16T07:57:32.059Z"}
info: Server started at http://localhost:3000/api/v1/ {"timestamp":"2024-11-16T07:57:36.872Z"}
info: Connected to the database. {"timestamp":"2024-11-16T07:57:36.895Z"}
info: Server started at http://localhost:3000/api/v1/ {"timestamp":"2024-11-16T07:57:41.069Z"}
info: Connected to the database. {"timestamp":"2024-11-16T07:57:41.095Z"}
info: Server started at http://localhost:3000/api/v1/ {"timestamp":"2024-11-16T07:57:50.566Z"}
info: Connected to the database. {"timestamp":"2024-11-16T07:57:50.592Z"}
info: Server started at http://localhost:3000/api/v1/ {"timestamp":"2024-11-16T07:58:03.731Z"}
info: Connected to the database. {"timestamp":"2024-11-16T07:58:03.789Z"}
info: Server started at http://localhost:3000/api/v1/ {"timestamp":"2024-11-16T07:58:07.188Z"}
info: Connected to the database. {"timestamp":"2024-11-16T07:58:07.212Z"}
info: Server started at http://localhost:3000/api/v1/ {"timestamp":"2024-11-16T07:58:09.118Z"}
info: Connected to the database. {"timestamp":"2024-11-16T07:58:09.146Z"}
info: Server started at http://localhost:3000/api/v1/ {"timestamp":"2024-11-16T07:58:12.586Z"}
info: Connected to the database. {"timestamp":"2024-11-16T07:58:12.622Z"}
info: Server started at http://localhost:3000/api/v1/ {"timestamp":"2024-11-16T07:58:14.716Z"}
info: Connected to the database. {"timestamp":"2024-11-16T07:58:14.788Z"}
info: Server started at http://localhost:3000/api/v1/ {"timestamp":"2024-11-16T07:58:36.151Z"}
info: Connected to the database. {"timestamp":"2024-11-16T07:58:36.181Z"}
info: Server started at http://localhost:3000/api/v1/ {"timestamp":"2024-11-16T07:58:57.869Z"}
info: Connected to the database. {"timestamp":"2024-11-16T07:58:57.896Z"}
info: Server started at http://localhost:3000/api/v1/ {"timestamp":"2024-11-16T07:59:47.941Z"}
info: Connected to the database. {"timestamp":"2024-11-16T07:59:47.969Z"}
info: Server started at http://localhost:3000/api/v1/ {"timestamp":"2024-11-16T08:00:11.419Z"}
info: Connected to the database. {"timestamp":"2024-11-16T08:00:11.472Z"}
info: Server started at http://localhost:3000/api/v1/ {"timestamp":"2024-11-16T08:00:15.354Z"}
info: Connected to the database. {"timestamp":"2024-11-16T08:00:15.473Z"}
info: Server started at http://localhost:3000/api/v1/ {"timestamp":"2024-11-16T08:00:48.674Z"}
info: Connected to the database. {"timestamp":"2024-11-16T08:00:48.750Z"}
info: Server started at http://localhost:3000/api/v1/ {"timestamp":"2024-11-16T08:00:57.073Z"}
info: Connected to the database. {"timestamp":"2024-11-16T08:00:57.103Z"}
info: Server started at http://localhost:3000/api/v1/ {"timestamp":"2024-11-16T08:01:10.208Z"}
info: Connected to the database. {"timestamp":"2024-11-16T08:01:10.235Z"}
info: Server started at http://localhost:3000/api/v1/ {"timestamp":"2024-11-16T08:01:14.616Z"}
info: Connected to the database. {"timestamp":"2024-11-16T08:01:14.643Z"}
info: Server started at http://localhost:3000/api/v1/ {"timestamp":"2024-11-16T08:01:17.979Z"}
info: Connected to the database. {"timestamp":"2024-11-16T08:01:18.029Z"}
info: Server started at http://localhost:3000/api/v1/ {"timestamp":"2024-11-16T08:01:45.621Z"}
info: Connected to the database. {"timestamp":"2024-11-16T08:01:45.647Z"}
info: Server started at http://localhost:3000/api/v1/ {"timestamp":"2024-11-16T08:02:10.934Z"}
info: Connected to the database. {"timestamp":"2024-11-16T08:02:10.959Z"}
info: Server started at http://localhost:3000/api/v1/ {"timestamp":"2024-11-16T08:02:20.759Z"}
info: Connected to the database. {"timestamp":"2024-11-16T08:02:20.783Z"}
info: Server started at http://localhost:3000/api/v1/ {"timestamp":"2024-11-16T08:02:24.261Z"}
info: Connected to the database. {"timestamp":"2024-11-16T08:02:24.291Z"}
info: Server started at http://localhost:3000/api/v1/ {"timestamp":"2024-11-16T08:02:41.444Z"}
info: Connected to the database. {"timestamp":"2024-11-16T08:02:41.469Z"}
info: Server started at http://localhost:3000/api/v1/ {"timestamp":"2024-11-16T08:02:44.971Z"}
info: Connected to the database. {"timestamp":"2024-11-16T08:02:44.998Z"}
info: Server started at http://localhost:3000/api/v1/ {"timestamp":"2024-11-16T08:02:57.561Z"}
info: Connected to the database. {"timestamp":"2024-11-16T08:02:57.607Z"}
info: Server started at http://localhost:3000/api/v1/ {"timestamp":"2024-11-16T08:03:00.863Z"}
info: Connected to the database. {"timestamp":"2024-11-16T08:03:00.888Z"}
info: Server started at http://localhost:3000/api/v1/ {"timestamp":"2024-11-16T08:03:42.804Z"}
info: Connected to the database. {"timestamp":"2024-11-16T08:03:42.827Z"}
info: Server started at http://localhost:3000/api/v1/ {"timestamp":"2024-11-16T08:04:49.046Z"}
info: Connected to the database. {"timestamp":"2024-11-16T08:04:49.072Z"}
info: Server started at http://localhost:3000/api/v1/ {"timestamp":"2024-11-16T08:05:05.806Z"}
info: Connected to the database. {"timestamp":"2024-11-16T08:05:05.862Z"}
info: Server started at http://localhost:3000/api/v1/ {"timestamp":"2024-11-16T08:05:19.994Z"}
info: Connected to the database. {"timestamp":"2024-11-16T08:05:20.056Z"}
info: Server started at http://localhost:3000/api/v1/ {"timestamp":"2024-11-16T08:05:23.662Z"}
info: Connected to the database. {"timestamp":"2024-11-16T08:05:23.699Z"}
info: Server started at http://localhost:3000/api/v1/ {"timestamp":"2024-11-16T08:05:30.726Z"}
info: Connected to the database. {"timestamp":"2024-11-16T08:05:30.752Z"}
info: Server started at http://localhost:3000/api/v1/ {"timestamp":"2024-11-16T08:05:55.531Z"}
info: Connected to the database. {"timestamp":"2024-11-16T08:05:55.555Z"}
info: Server started at http://localhost:3000/api/v1/ {"timestamp":"2024-11-16T08:05:58.843Z"}
info: Connected to the database. {"timestamp":"2024-11-16T08:05:58.870Z"}
info: Server started at http://localhost:3000/api/v1/ {"timestamp":"2024-11-16T08:06:01.615Z"}
info: Connected to the database. {"timestamp":"2024-11-16T08:06:01.639Z"}
info: Server started at http://localhost:3000/api/v1/ {"timestamp":"2024-11-16T08:06:34.063Z"}
info: Connected to the database. {"timestamp":"2024-11-16T08:06:34.091Z"}
info: Server started at http://localhost:3000/api/v1/ {"timestamp":"2024-11-16T08:06:57.497Z"}
info: Connected to the database. {"timestamp":"2024-11-16T08:06:57.529Z"}
info: Server started at http://localhost:3000/api/v1/ {"timestamp":"2024-11-16T08:07:02.834Z"}
info: Connected to the database. {"timestamp":"2024-11-16T08:07:02.861Z"}
info: Server started at http://localhost:3000/api/v1/ {"timestamp":"2024-11-16T08:07:11.511Z"}
info: Connected to the database. {"timestamp":"2024-11-16T08:07:11.537Z"}
info: Server started at http://localhost:3000/api/v1/ {"timestamp":"2024-11-16T08:07:15.491Z"}
info: Connected to the database. {"timestamp":"2024-11-16T08:07:15.518Z"}
info: Server started at http://localhost:3000/api/v1/ {"timestamp":"2024-11-16T08:07:27.590Z"}
info: Connected to the database. {"timestamp":"2024-11-16T08:07:27.653Z"}
info: Server started at http://localhost:3000/api/v1/ {"timestamp":"2024-11-16T08:08:11.193Z"}
info: Connected to the database. {"timestamp":"2024-11-16T08:08:11.229Z"}
info: Server started at http://localhost:3000/api/v1/ {"timestamp":"2024-11-16T08:08:20.840Z"}
info: Connected to the database. {"timestamp":"2024-11-16T08:08:20.896Z"}
info: Server started at http://localhost:3000/api/v1/ {"timestamp":"2024-11-16T08:08:25.296Z"}
info: Connected to the database. {"timestamp":"2024-11-16T08:08:25.328Z"}
info: Server started at http://localhost:3000/api/v1/ {"timestamp":"2024-11-16T08:08:31.414Z"}
info: Connected to the database. {"timestamp":"2024-11-16T08:08:31.447Z"}
info: Server started at http://localhost:3000/api/v1/ {"timestamp":"2024-11-16T08:08:45.071Z"}
info: Connected to the database. {"timestamp":"2024-11-16T08:08:45.096Z"}
info: Server started at http://localhost:3000/api/v1/ {"timestamp":"2024-11-16T08:08:48.393Z"}
info: Connected to the database. {"timestamp":"2024-11-16T08:08:48.426Z"}
info: Server started at http://localhost:3000/api/v1/ {"timestamp":"2024-11-16T08:08:52.297Z"}
info: Connected to the database. {"timestamp":"2024-11-16T08:08:52.368Z"}
info: Server started at http://localhost:3000/api/v1/ {"timestamp":"2024-11-16T08:08:57.417Z"}
info: Connected to the database. {"timestamp":"2024-11-16T08:08:57.448Z"}
info: Server started at http://localhost:3000/api/v1/ {"timestamp":"2024-11-16T08:08:59.319Z"}
info: Connected to the database. {"timestamp":"2024-11-16T08:08:59.353Z"}
info: Server started at http://localhost:3000/api/v1/ {"timestamp":"2024-11-16T08:09:16.112Z"}
info: Connected to the database. {"timestamp":"2024-11-16T08:09:16.140Z"}
info: Server started at http://localhost:3000/api/v1/ {"timestamp":"2024-11-16T08:09:20.120Z"}
info: Connected to the database. {"timestamp":"2024-11-16T08:09:20.148Z"}
info: Server started at http://localhost:3000/api/v1/ {"timestamp":"2024-11-16T08:09:23.567Z"}
info: Connected to the database. {"timestamp":"2024-11-16T08:09:23.618Z"}
info: Server started at http://localhost:3000/api/v1/ {"timestamp":"2024-11-16T08:09:26.244Z"}
info: Connected to the database. {"timestamp":"2024-11-16T08:09:26.267Z"}
info: Server started at http://localhost:3000/api/v1/ {"timestamp":"2024-11-16T08:09:30.616Z"}
info: Connected to the database. {"timestamp":"2024-11-16T08:09:30.644Z"}
info: Server started at http://localhost:3000/api/v1/ {"timestamp":"2024-11-16T08:09:36.463Z"}
info: Connected to the database. {"timestamp":"2024-11-16T08:09:36.517Z"}
info: Server started at http://localhost:3000/api/v1/ {"timestamp":"2024-11-16T08:09:44.593Z"}
info: Connected to the database. {"timestamp":"2024-11-16T08:09:44.621Z"}
info: Server started at http://localhost:3000/api/v1/ {"timestamp":"2024-11-16T08:09:49.784Z"}
info: Connected to the database. {"timestamp":"2024-11-16T08:09:49.811Z"}
info: Server started at http://localhost:3000/api/v1/ {"timestamp":"2024-11-16T08:09:51.758Z"}
info: Connected to the database. {"timestamp":"2024-11-16T08:09:51.792Z"}
info: Server started at http://localhost:3000/api/v1/ {"timestamp":"2024-11-16T08:09:57.075Z"}
info: Connected to the database. {"timestamp":"2024-11-16T08:09:57.102Z"}
info: Server started at http://localhost:3000/api/v1/ {"timestamp":"2024-11-16T08:10:01.044Z"}
info: Connected to the database. {"timestamp":"2024-11-16T08:10:01.068Z"}
info: Server started at http://localhost:3000/api/v1/ {"timestamp":"2024-11-16T08:10:30.121Z"}
info: Connected to the database. {"timestamp":"2024-11-16T08:10:30.147Z"}
info: Server started at http://localhost:3000/api/v1/ {"timestamp":"2024-11-16T08:10:35.261Z"}
info: Connected to the database. {"timestamp":"2024-11-16T08:10:35.289Z"}
info: Server started at http://localhost:3000/api/v1/ {"timestamp":"2024-11-16T08:10:38.307Z"}
info: Connected to the database. {"timestamp":"2024-11-16T08:10:38.332Z"}
info: Server started at http://localhost:3000/api/v1/ {"timestamp":"2024-11-16T08:10:41.405Z"}
info: Connected to the database. {"timestamp":"2024-11-16T08:10:41.431Z"}
info: Server started at http://localhost:3000/api/v1/ {"timestamp":"2024-11-16T08:10:44.735Z"}
info: Connected to the database. {"timestamp":"2024-11-16T08:10:44.763Z"}
info: Server started at http://localhost:3000/api/v1/ {"timestamp":"2024-11-16T08:10:48.118Z"}
info: Connected to the database. {"timestamp":"2024-11-16T08:10:48.169Z"}
info: Server started at http://localhost:3000/api/v1/ {"timestamp":"2024-11-16T08:10:51.115Z"}
info: Connected to the database. {"timestamp":"2024-11-16T08:10:51.146Z"}
info: Server started at http://localhost:3000/api/v1/ {"timestamp":"2024-11-16T08:10:53.754Z"}
info: Connected to the database. {"timestamp":"2024-11-16T08:10:53.845Z"}
info: Server started at http://localhost:3000/api/v1/ {"timestamp":"2024-11-16T08:11:04.958Z"}
info: Connected to the database. {"timestamp":"2024-11-16T08:11:04.986Z"}
info: Server started at http://localhost:3000/api/v1/ {"timestamp":"2024-11-16T08:11:15.797Z"}
info: Connected to the database. {"timestamp":"2024-11-16T08:11:15.824Z"}
info: Server started at http://localhost:3000/api/v1/ {"timestamp":"2024-11-16T08:11:20.741Z"}
info: Connected to the database. {"timestamp":"2024-11-16T08:11:20.780Z"}
info: Server started at http://localhost:3000/api/v1/ {"timestamp":"2024-11-16T08:11:31.583Z"}
info: Connected to the database. {"timestamp":"2024-11-16T08:11:31.610Z"}
info: Server started at http://localhost:3000/api/v1/ {"timestamp":"2024-11-16T08:11:49.174Z"}
info: Connected to the database. {"timestamp":"2024-11-16T08:11:49.202Z"}
info: Server started at http://localhost:3000/api/v1/ {"timestamp":"2024-11-16T08:11:51.444Z"}
info: Connected to the database. {"timestamp":"2024-11-16T08:11:51.469Z"}
info: Server started at http://localhost:3000/api/v1/ {"timestamp":"2024-11-16T08:11:53.896Z"}
info: Connected to the database. {"timestamp":"2024-11-16T08:11:53.921Z"}
info: Server started at http://localhost:3000/api/v1/ {"timestamp":"2024-11-16T08:11:57.806Z"}
info: Connected to the database. {"timestamp":"2024-11-16T08:11:57.831Z"}
info: Server started at http://localhost:3000/api/v1/ {"timestamp":"2024-11-16T08:12:04.961Z"}
info: Connected to the database. {"timestamp":"2024-11-16T08:12:04.992Z"}
info: Server started at http://localhost:3000/api/v1/ {"timestamp":"2024-11-16T08:12:07.932Z"}
info: Connected to the database. {"timestamp":"2024-11-16T08:12:08.015Z"}
info: Server started at http://localhost:3000/api/v1/ {"timestamp":"2024-11-16T08:12:17.271Z"}
info: Connected to the database. {"timestamp":"2024-11-16T08:12:17.297Z"}
info: Server started at http://localhost:3000/api/v1/ {"timestamp":"2024-11-16T08:13:25.408Z"}
info: Connected to the database. {"timestamp":"2024-11-16T08:13:25.446Z"}
info: Server started at http://localhost:3000/api/v1/ {"timestamp":"2024-11-16T08:13:35.179Z"}
info: Connected to the database. {"timestamp":"2024-11-16T08:13:35.209Z"}
info: Server started at http://localhost:3000/api/v1/ {"timestamp":"2024-11-16T08:13:40.824Z"}
info: Connected to the database. {"timestamp":"2024-11-16T08:13:40.853Z"}
info: Server started at http://localhost:3000/api/v1/ {"timestamp":"2024-11-16T08:13:50.812Z"}
info: Connected to the database. {"timestamp":"2024-11-16T08:13:50.876Z"}
info: Server started at http://localhost:3000/api/v1/ {"timestamp":"2024-11-16T08:13:55.846Z"}
info: Connected to the database. {"timestamp":"2024-11-16T08:13:55.872Z"}
info: Server started at http://localhost:3000/api/v1/ {"timestamp":"2024-11-16T08:13:59.002Z"}
info: Connected to the database. {"timestamp":"2024-11-16T08:13:59.029Z"}
info: Server started at http://localhost:3000/api/v1/ {"timestamp":"2024-11-16T08:14:03.935Z"}
info: Connected to the database. {"timestamp":"2024-11-16T08:14:03.970Z"}
info: Server started at http://localhost:3000/api/v1/ {"timestamp":"2024-11-16T08:14:14.215Z"}
info: Connected to the database. {"timestamp":"2024-11-16T08:14:14.241Z"}
info: Server started at http://localhost:3000/api/v1/ {"timestamp":"2024-11-16T08:14:16.490Z"}
info: Connected to the database. {"timestamp":"2024-11-16T08:14:16.521Z"}
info: Server started at http://localhost:3000/api/v1/ {"timestamp":"2024-11-16T08:14:18.750Z"}
info: Connected to the database. {"timestamp":"2024-11-16T08:14:18.781Z"}
info: Server started at http://localhost:3000/api/v1/ {"timestamp":"2024-11-16T08:14:23.854Z"}
info: Connected to the database. {"timestamp":"2024-11-16T08:14:23.913Z"}
info: Server started at http://localhost:3000/api/v1/ {"timestamp":"2024-11-16T08:14:29.610Z"}
info: Connected to the database. {"timestamp":"2024-11-16T08:14:29.640Z"}
info: Server started at http://localhost:3000/api/v1/ {"timestamp":"2024-11-16T08:14:36.120Z"}
info: Connected to the database. {"timestamp":"2024-11-16T08:14:36.174Z"}
info: Server started at http://localhost:3000/api/v1/ {"timestamp":"2024-11-16T08:14:39.799Z"}
info: Connected to the database. {"timestamp":"2024-11-16T08:14:39.832Z"}
info: Server started at http://localhost:3000/api/v1/ {"timestamp":"2024-11-16T08:14:46.085Z"}
info: Connected to the database. {"timestamp":"2024-11-16T08:14:46.109Z"}
info: Server started at http://localhost:3000/api/v1/ {"timestamp":"2024-11-16T08:14:50.222Z"}
info: Connected to the database. {"timestamp":"2024-11-16T08:14:50.262Z"}
info: Server started at http://localhost:3000/api/v1/ {"timestamp":"2024-11-16T08:14:54.908Z"}
info: Connected to the database. {"timestamp":"2024-11-16T08:14:54.938Z"}
info: Server started at http://localhost:3000/api/v1/ {"timestamp":"2024-11-16T08:15:03.097Z"}
info: Connected to the database. {"timestamp":"2024-11-16T08:15:03.123Z"}
info: Server started at http://localhost:3000/api/v1/ {"timestamp":"2024-11-16T08:15:08.697Z"}
info: Connected to the database. {"timestamp":"2024-11-16T08:15:08.724Z"}
info: Server started at http://localhost:3000/api/v1/ {"timestamp":"2024-11-16T08:42:34.059Z"}
info: Connected to the database. {"timestamp":"2024-11-16T08:42:34.094Z"}
info: Server started at http://localhost:3000/api/v1/ {"timestamp":"2024-11-16T08:42:38.565Z"}
info: Connected to the database. {"timestamp":"2024-11-16T08:42:38.604Z"}
info: Server started at http://localhost:3000/api/v1/ {"timestamp":"2024-11-16T08:44:10.983Z"}
info: Connected to the database. {"timestamp":"2024-11-16T08:44:11.012Z"}
info: Server started at http://localhost:3000/api/v1/ {"timestamp":"2024-11-16T08:44:36.039Z"}
info: Connected to the database. {"timestamp":"2024-11-16T08:44:36.066Z"}
info: Server started at http://localhost:3000/api/v1/ {"timestamp":"2024-11-16T08:44:50.717Z"}
info: Connected to the database. {"timestamp":"2024-11-16T08:44:50.744Z"}
info: Server started at http://localhost:3000/api/v1/ {"timestamp":"2024-11-16T08:45:28.024Z"}
info: Connected to the database. {"timestamp":"2024-11-16T08:45:28.056Z"}
info: Server started at http://localhost:3000/api/v1/ {"timestamp":"2024-11-16T08:45:38.817Z"}
info: Connected to the database. {"timestamp":"2024-11-16T08:45:38.878Z"}
info: Server started at http://localhost:3000/api/v1/ {"timestamp":"2024-11-16T08:45:55.253Z"}
info: Connected to the database. {"timestamp":"2024-11-16T08:45:55.278Z"}
info: Server started at http://localhost:3000/api/v1/ {"timestamp":"2024-11-16T08:46:21.926Z"}
info: Connected to the database. {"timestamp":"2024-11-16T08:46:21.952Z"}
info: Server started at http://localhost:3000/api/v1/ {"timestamp":"2024-11-16T08:46:33.665Z"}
info: Connected to the database. {"timestamp":"2024-11-16T08:46:33.693Z"}
info: Server started at http://localhost:3000/api/v1/ {"timestamp":"2024-11-16T08:47:25.389Z"}
info: Connected to the database. {"timestamp":"2024-11-16T08:47:25.447Z"}
info: Server started at http://localhost:3000/api/v1/ {"timestamp":"2024-11-16T08:47:30.967Z"}
info: Connected to the database. {"timestamp":"2024-11-16T08:47:31.019Z"}
info: Server started at http://localhost:3000/api/v1/ {"timestamp":"2024-11-16T08:47:37.836Z"}
info: Connected to the database. {"timestamp":"2024-11-16T08:47:37.867Z"}
info: Server started at http://localhost:3000/api/v1/ {"timestamp":"2024-11-16T08:47:48.281Z"}
info: Connected to the database. {"timestamp":"2024-11-16T08:47:48.313Z"}
info: Server started at http://localhost:3000/api/v1/ {"timestamp":"2024-11-16T08:48:14.766Z"}
info: Connected to the database. {"timestamp":"2024-11-16T08:48:14.798Z"}
info: Server started at http://localhost:3000/api/v1/ {"timestamp":"2024-11-16T08:48:27.526Z"}
info: Connected to the database. {"timestamp":"2024-11-16T08:48:27.560Z"}
info: Server started at http://localhost:3000/api/v1/ {"timestamp":"2024-11-16T08:48:41.988Z"}
info: Connected to the database. {"timestamp":"2024-11-16T08:48:42.036Z"}
info: Server started at http://localhost:3000/api/v1/ {"timestamp":"2024-11-16T08:48:50.346Z"}
info: Connected to the database. {"timestamp":"2024-11-16T08:48:50.381Z"}
info: Server started at http://localhost:3000/api/v1/ {"timestamp":"2024-11-16T08:48:52.661Z"}
info: Connected to the database. {"timestamp":"2024-11-16T08:48:52.715Z"}
info: Server started at http://localhost:3000/api/v1/ {"timestamp":"2024-11-16T08:49:01.338Z"}
info: Connected to the database. {"timestamp":"2024-11-16T08:49:01.391Z"}
info: Server started at http://localhost:3000/api/v1/ {"timestamp":"2024-11-16T08:49:13.524Z"}
info: Connected to the database. {"timestamp":"2024-11-16T08:49:13.553Z"}
info: Server started at http://localhost:3000/api/v1/ {"timestamp":"2024-11-16T08:49:15.645Z"}
info: Connected to the database. {"timestamp":"2024-11-16T08:49:15.675Z"}
info: Server started at http://localhost:3000/api/v1/ {"timestamp":"2024-11-16T08:50:03.440Z"}
info: Connected to the database. {"timestamp":"2024-11-16T08:50:03.469Z"}
info: Server started at http://localhost:3000/api/v1/ {"timestamp":"2024-11-16T08:50:38.698Z"}
info: Connected to the database. {"timestamp":"2024-11-16T08:50:38.748Z"}
info: Server started at http://localhost:3000/api/v1/ {"timestamp":"2024-11-16T08:50:44.960Z"}
info: Connected to the database. {"timestamp":"2024-11-16T08:50:45.056Z"}
info: Server started at http://localhost:3000/api/v1/ {"timestamp":"2024-11-16T08:50:48.922Z"}
info: Connected to the database. {"timestamp":"2024-11-16T08:50:49.014Z"}
info: Server started at http://localhost:3000/api/v1/ {"timestamp":"2024-11-16T08:50:54.691Z"}
info: Connected to the database. {"timestamp":"2024-11-16T08:50:54.750Z"}
info: Server started at http://localhost:3000/api/v1/ {"timestamp":"2024-11-16T08:50:59.310Z"}
info: Connected to the database. {"timestamp":"2024-11-16T08:50:59.337Z"}
info: Server started at http://localhost:3000/api/v1/ {"timestamp":"2024-11-16T08:51:07.257Z"}
info: Connected to the database. {"timestamp":"2024-11-16T08:51:07.307Z"}
info: Server started at http://localhost:3000/api/v1/ {"timestamp":"2024-11-16T08:51:09.957Z"}
info: Connected to the database. {"timestamp":"2024-11-16T08:51:09.985Z"}
info: Server started at http://localhost:3000/api/v1/ {"timestamp":"2024-11-16T08:51:43.142Z"}
info: Connected to the database. {"timestamp":"2024-11-16T08:51:43.171Z"}
info: Server started at http://localhost:3000/api/v1/ {"timestamp":"2024-11-16T08:52:56.650Z"}
info: Connected to the database. {"timestamp":"2024-11-16T08:52:56.707Z"}
info: Server started at http://localhost:3000/api/v1/ {"timestamp":"2024-11-16T08:53:01.465Z"}
info: Connected to the database. {"timestamp":"2024-11-16T08:53:01.490Z"}
info: Server started at http://localhost:3000/api/v1/ {"timestamp":"2024-11-16T08:53:39.999Z"}
info: Connected to the database. {"timestamp":"2024-11-16T08:53:40.024Z"}
info: Server started at http://localhost:3000/api/v1/ {"timestamp":"2024-11-16T08:53:43.436Z"}
info: Connected to the database. {"timestamp":"2024-11-16T08:53:43.462Z"}
info: Server started at http://localhost:3000/api/v1/ {"timestamp":"2024-11-16T08:53:50.456Z"}
info: Connected to the database. {"timestamp":"2024-11-16T08:53:50.525Z"}
info: Server started at http://localhost:3000/api/v1/ {"timestamp":"2024-11-16T08:53:53.500Z"}
info: Connected to the database. {"timestamp":"2024-11-16T08:53:53.555Z"}
info: Server started at http://localhost:3000/api/v1/ {"timestamp":"2024-11-16T08:58:06.629Z"}
info: Connected to the database. {"timestamp":"2024-11-16T08:58:06.662Z"}
info: Server started at http://localhost:3000/api/v1/ {"timestamp":"2024-11-16T08:58:32.215Z"}
info: Server started at http://localhost:3000/api/v1/ {"timestamp":"2024-11-16T08:58:34.274Z"}
info: Connected to the database. {"timestamp":"2024-11-16T08:58:34.328Z"}
info: Server started at http://localhost:3000/api/v1/ {"timestamp":"2024-11-16T08:58:40.117Z"}
info: Connected to the database. {"timestamp":"2024-11-16T08:58:40.143Z"}
info: Server started at http://localhost:3000/api/v1/ {"timestamp":"2024-11-16T08:58:44.764Z"}
info: Connected to the database. {"timestamp":"2024-11-16T08:58:44.794Z"}
info: Server started at http://localhost:3000/api/v1/ {"timestamp":"2024-11-16T08:58:48.504Z"}
info: Connected to the database. {"timestamp":"2024-11-16T08:58:48.535Z"}
info: Server started at http://localhost:3000/api/v1/ {"timestamp":"2024-11-16T08:58:55.992Z"}
info: Connected to the database. {"timestamp":"2024-11-16T08:58:56.046Z"}
info: Server started at http://localhost:3000/api/v1/ {"timestamp":"2024-11-16T08:59:05.651Z"}
info: Connected to the database. {"timestamp":"2024-11-16T08:59:05.674Z"}
info: Server started at http://localhost:3000/api/v1/ {"timestamp":"2024-11-16T08:59:09.692Z"}
info: Connected to the database. {"timestamp":"2024-11-16T08:59:09.745Z"}
info: Server started at http://localhost:3000/api/v1/ {"timestamp":"2024-11-16T08:59:12.760Z"}
info: Connected to the database. {"timestamp":"2024-11-16T08:59:12.785Z"}
info: Server started at http://localhost:3000/api/v1/ {"timestamp":"2024-11-16T09:10:03.926Z"}
info: Connected to the database. {"timestamp":"2024-11-16T09:10:04.000Z"}
info: Server started at http://localhost:3000/api/v1/ {"timestamp":"2024-11-16T09:11:56.237Z"}
info: Connected to the database. {"timestamp":"2024-11-16T09:11:56.273Z"}
info: Server started at http://localhost:3000/api/v1/ {"timestamp":"2024-11-16T09:14:28.625Z"}
info: Connected to the database. {"timestamp":"2024-11-16T09:14:28.665Z"}
info: Server started at http://localhost:3000/api/v1/ {"timestamp":"2024-11-16T09:16:06.271Z"}
info: Connected to the database. {"timestamp":"2024-11-16T09:16:06.303Z"}
info: Server started at http://localhost:3000/api/v1/ {"timestamp":"2024-11-16T09:17:44.470Z"}
info: Connected to the database. {"timestamp":"2024-11-16T09:17:44.499Z"}
info: Server started at http://localhost:3000/api/v1/ {"timestamp":"2024-11-16T09:20:40.011Z"}
info: Connected to the database. {"timestamp":"2024-11-16T09:20:40.039Z"}
info: Server started at http://localhost:3000/api/v1/ {"timestamp":"2024-11-16T13:07:53.492Z"}
info: Connected to the database. {"timestamp":"2024-11-16T13:07:53.586Z"}
info: Server started at http://localhost:3000/api/v1/ {"timestamp":"2024-11-16T13:08:34.681Z"}
info: Connected to the database. {"timestamp":"2024-11-16T13:08:34.713Z"}
info: Server started at http://localhost:3000/api/v1/ {"timestamp":"2024-11-16T13:08:49.293Z"}
info: Connected to the database. {"timestamp":"2024-11-16T13:08:49.319Z"}
info: Server started at http://localhost:3000/api/v1/ {"timestamp":"2024-11-16T13:09:04.976Z"}
info: Connected to the database. {"timestamp":"2024-11-16T13:09:05.000Z"}
info: Server started at http://localhost:3000/api/v1/ {"timestamp":"2024-11-16T13:09:19.370Z"}
info: Connected to the database. {"timestamp":"2024-11-16T13:09:19.393Z"}
info: Server started at http://localhost:3000/api/v1/ {"timestamp":"2024-11-16T13:09:28.812Z"}
info: Connected to the database. {"timestamp":"2024-11-16T13:09:28.859Z"}
info: Server started at http://localhost:3000/api/v1/ {"timestamp":"2024-11-16T13:10:08.211Z"}
info: Connected to the database. {"timestamp":"2024-11-16T13:10:08.265Z"}
info: Server started at http://localhost:3000/api/v1/ {"timestamp":"2024-11-16T13:10:12.842Z"}
info: Connected to the database. {"timestamp":"2024-11-16T13:10:12.895Z"}
info: Server started at http://localhost:3000/api/v1/ {"timestamp":"2024-11-16T13:10:22.153Z"}
info: Connected to the database. {"timestamp":"2024-11-16T13:10:22.200Z"}
info: Server started at http://localhost:3000/api/v1/ {"timestamp":"2024-11-16T13:10:28.942Z"}
info: Connected to the database. {"timestamp":"2024-11-16T13:10:28.990Z"}
info: Server started at http://localhost:3000/api/v1/ {"timestamp":"2024-11-16T13:10:47.721Z"}
info: Connected to the database. {"timestamp":"2024-11-16T13:10:47.812Z"}
info: Server started at http://localhost:3000/api/v1/ {"timestamp":"2024-11-16T13:11:13.045Z"}
info: Connected to the database. {"timestamp":"2024-11-16T13:11:13.091Z"}
info: Server started at http://localhost:3000/api/v1/ {"timestamp":"2024-11-16T13:11:34.906Z"}
info: Connected to the database. {"timestamp":"2024-11-16T13:11:34.956Z"}
error: 
    status - 500 
    message - SyntaxError: Expected double-quoted property name in JSON at position 65
    at JSON.parse (<anonymous>)
    at parse (E:\Project1\FundDoNotes\node_modules\body-parser\lib\types\json.js:92:19)
    at E:\Project1\FundDoNotes\node_modules\body-parser\lib\read.js:128:18
    at AsyncResource.runInAsyncScope (node:async_hooks:206:9)
    at invokeCallback (E:\Project1\FundDoNotes\node_modules\raw-body\index.js:238:16)
    at done (E:\Project1\FundDoNotes\node_modules\raw-body\index.js:227:7)
    at IncomingMessage.onEnd (E:\Project1\FundDoNotes\node_modules\raw-body\index.js:287:7)
    at IncomingMessage.emit (node:events:519:28)
    at endReadableNT (node:internal/streams/readable:1696:12)
    at processTicksAndRejections (node:internal/process/task_queues:82:21) 
    url - /api/v1/fundonotes/user/forgotpassword 
    method - POST 
    IP - ::1
   {"timestamp":"2024-11-16T13:11:54.113Z"}
info: Server started at http://localhost:3000/api/v1/ {"timestamp":"2024-11-16T13:13:51.399Z"}
info: Connected to the database. {"timestamp":"2024-11-16T13:13:51.456Z"}
info: Server started at http://localhost:3000/api/v1/ {"timestamp":"2024-11-16T13:13:56.863Z"}
info: Connected to the database. {"timestamp":"2024-11-16T13:13:56.916Z"}
info: Server started at http://localhost:3000/api/v1/ {"timestamp":"2024-11-16T13:16:32.537Z"}
info: Connected to the database. {"timestamp":"2024-11-16T13:16:32.586Z"}
info: Server started at http://localhost:3000/api/v1/ {"timestamp":"2024-11-16T13:17:00.848Z"}
info: Connected to the database. {"timestamp":"2024-11-16T13:17:00.910Z"}
info: Server started at http://localhost:3000/api/v1/ {"timestamp":"2024-11-16T13:18:18.542Z"}
info: Connected to the database. {"timestamp":"2024-11-16T13:18:18.603Z"}
info: Server started at http://localhost:3000/api/v1/ {"timestamp":"2024-11-16T13:18:29.522Z"}
info: Connected to the database. {"timestamp":"2024-11-16T13:18:29.580Z"}
info: Server started at http://localhost:3000/api/v1/ {"timestamp":"2024-11-16T13:19:12.210Z"}
info: Connected to the database. {"timestamp":"2024-11-16T13:19:12.265Z"}
info: Server started at http://localhost:3000/api/v1/ {"timestamp":"2024-11-16T13:19:37.822Z"}
info: Connected to the database. {"timestamp":"2024-11-16T13:19:37.844Z"}
info: Server started at http://localhost:3000/api/v1/ {"timestamp":"2024-11-16T13:19:58.829Z"}
info: Connected to the database. {"timestamp":"2024-11-16T13:19:58.999Z"}
info: Server started at http://localhost:3000/api/v1/ {"timestamp":"2024-11-16T13:28:52.397Z"}
info: Connected to the database. {"timestamp":"2024-11-16T13:28:52.537Z"}
error: 
    status - 500 
    message - SyntaxError: Expected ',' or '}' after property value in JSON at position 59
    at JSON.parse (<anonymous>)
    at parse (E:\Project1\FundDoNotes\node_modules\body-parser\lib\types\json.js:92:19)
    at E:\Project1\FundDoNotes\node_modules\body-parser\lib\read.js:128:18
    at AsyncResource.runInAsyncScope (node:async_hooks:206:9)
    at invokeCallback (E:\Project1\FundDoNotes\node_modules\raw-body\index.js:238:16)
    at done (E:\Project1\FundDoNotes\node_modules\raw-body\index.js:227:7)
    at IncomingMessage.onEnd (E:\Project1\FundDoNotes\node_modules\raw-body\index.js:287:7)
    at IncomingMessage.emit (node:events:519:28)
    at endReadableNT (node:internal/streams/readable:1696:12)
    at processTicksAndRejections (node:internal/process/task_queues:82:21) 
    url - /api/v1/fundonotes/user/resetpassword 
    method - POST 
    IP - ::1
   {"timestamp":"2024-11-16T13:29:51.429Z"}
info: Server started at http://localhost:3000/api/v1/ {"timestamp":"2024-11-16T13:30:06.600Z"}
info: Connected to the database. {"timestamp":"2024-11-16T13:30:06.629Z"}
info: Server started at http://localhost:3000/api/v1/ {"timestamp":"2024-11-16T13:30:12.174Z"}
info: Connected to the database. {"timestamp":"2024-11-16T13:30:12.222Z"}
info: Server started at http://localhost:3000/api/v1/ {"timestamp":"2024-11-16T13:30:17.755Z"}
info: Connected to the database. {"timestamp":"2024-11-16T13:30:17.826Z"}
info: Server started at http://localhost:3000/api/v1/ {"timestamp":"2024-11-16T13:32:15.151Z"}
info: Server started at http://localhost:3000/api/v1/ {"timestamp":"2024-11-16T13:32:22.815Z"}
info: Connected to the database. {"timestamp":"2024-11-16T13:32:22.875Z"}
info: Server started at http://localhost:3000/api/v1/ {"timestamp":"2024-11-16T13:33:02.823Z"}
info: Connected to the database. {"timestamp":"2024-11-16T13:33:02.848Z"}
info: Server started at http://localhost:3000/api/v1/ {"timestamp":"2024-11-16T13:33:33.916Z"}
info: Connected to the database. {"timestamp":"2024-11-16T13:33:33.960Z"}
info: Server started at http://localhost:3000/api/v1/ {"timestamp":"2024-11-16T13:33:55.908Z"}
info: Connected to the database. {"timestamp":"2024-11-16T13:33:55.944Z"}
info: Server started at http://localhost:3000/api/v1/ {"timestamp":"2024-11-16T13:34:51.260Z"}
info: Connected to the database. {"timestamp":"2024-11-16T13:34:51.321Z"}
info: Server started at http://localhost:3000/api/v1/ {"timestamp":"2024-11-16T13:35:28.718Z"}
info: Connected to the database. {"timestamp":"2024-11-16T13:35:28.741Z"}
info: Server started at http://localhost:3000/api/v1/ {"timestamp":"2024-11-16T13:36:58.471Z"}
info: Connected to the database. {"timestamp":"2024-11-16T13:36:58.527Z"}
info: Server started at http://localhost:3000/api/v1/ {"timestamp":"2024-11-16T13:37:02.576Z"}
info: Connected to the database. {"timestamp":"2024-11-16T13:37:02.630Z"}
info: Server started at http://localhost:3000/api/v1/ {"timestamp":"2024-11-16T13:37:16.225Z"}
info: Connected to the database. {"timestamp":"2024-11-16T13:37:16.272Z"}
info: Server started at http://localhost:3000/api/v1/ {"timestamp":"2024-11-16T13:37:54.013Z"}
info: Connected to the database. {"timestamp":"2024-11-16T13:37:54.041Z"}
info: Server started at http://localhost:3000/api/v1/ {"timestamp":"2024-11-16T13:37:58.568Z"}
info: Connected to the database. {"timestamp":"2024-11-16T13:37:58.598Z"}
info: Server started at http://localhost:3000/api/v1/ {"timestamp":"2024-11-16T13:38:20.847Z"}
info: Connected to the database. {"timestamp":"2024-11-16T13:38:20.871Z"}
info: Server started at http://localhost:3000/api/v1/ {"timestamp":"2024-11-16T13:38:25.631Z"}
info: Connected to the database. {"timestamp":"2024-11-16T13:38:25.670Z"}
info: Server started at http://localhost:3000/api/v1/ {"timestamp":"2024-11-16T13:38:28.965Z"}
info: Connected to the database. {"timestamp":"2024-11-16T13:38:28.997Z"}
info: Server started at http://localhost:3000/api/v1/ {"timestamp":"2024-11-16T13:39:00.291Z"}
info: Connected to the database. {"timestamp":"2024-11-16T13:39:00.342Z"}
info: Server started at http://localhost:3000/api/v1/ {"timestamp":"2024-11-16T13:39:11.129Z"}
info: Connected to the database. {"timestamp":"2024-11-16T13:39:11.187Z"}
info: Server started at http://localhost:3000/api/v1/ {"timestamp":"2024-11-16T13:39:17.316Z"}
info: Connected to the database. {"timestamp":"2024-11-16T13:39:17.343Z"}
info: Server started at http://localhost:3000/api/v1/ {"timestamp":"2024-11-16T13:39:34.599Z"}
info: Connected to the database. {"timestamp":"2024-11-16T13:39:34.646Z"}
info: Server started at http://localhost:3000/api/v1/ {"timestamp":"2024-11-16T13:39:57.262Z"}
info: Connected to the database. {"timestamp":"2024-11-16T13:39:57.287Z"}
info: Server started at http://localhost:3000/api/v1/ {"timestamp":"2024-11-16T13:43:02.770Z"}
info: Connected to the database. {"timestamp":"2024-11-16T13:43:02.802Z"}
info: Server started at http://localhost:3000/api/v1/ {"timestamp":"2024-11-16T13:43:08.925Z"}
info: Connected to the database. {"timestamp":"2024-11-16T13:43:08.948Z"}
info: Server started at http://localhost:3000/api/v1/ {"timestamp":"2024-11-16T13:43:11.440Z"}
info: Connected to the database. {"timestamp":"2024-11-16T13:43:11.466Z"}
info: Server started at http://localhost:3000/api/v1/ {"timestamp":"2024-11-16T13:43:15.413Z"}
info: Connected to the database. {"timestamp":"2024-11-16T13:43:15.469Z"}
info: Server started at http://localhost:3000/api/v1/ {"timestamp":"2024-11-16T13:43:18.389Z"}
info: Connected to the database. {"timestamp":"2024-11-16T13:43:18.416Z"}
info: Server started at http://localhost:3000/api/v1/ {"timestamp":"2024-11-16T13:43:28.808Z"}
info: Connected to the database. {"timestamp":"2024-11-16T13:43:28.831Z"}
info: Server started at http://localhost:3000/api/v1/ {"timestamp":"2024-11-16T13:47:47.395Z"}
info: Connected to the database. {"timestamp":"2024-11-16T13:47:47.422Z"}
info: Server started at http://localhost:3000/api/v1/ {"timestamp":"2024-11-16T13:48:21.279Z"}
info: Connected to the database. {"timestamp":"2024-11-16T13:48:21.310Z"}
info: Server started at http://localhost:3000/api/v1/ {"timestamp":"2024-11-16T13:48:31.091Z"}
info: Connected to the database. {"timestamp":"2024-11-16T13:48:31.124Z"}
info: Server started at http://localhost:3000/api/v1/ {"timestamp":"2024-11-16T13:48:34.834Z"}
info: Connected to the database. {"timestamp":"2024-11-16T13:48:34.900Z"}
info: Server started at http://localhost:3000/api/v1/ {"timestamp":"2024-11-16T13:48:38.368Z"}
info: Connected to the database. {"timestamp":"2024-11-16T13:48:38.415Z"}
info: Server started at http://localhost:3000/api/v1/ {"timestamp":"2024-11-16T13:48:41.657Z"}
info: Connected to the database. {"timestamp":"2024-11-16T13:48:41.709Z"}
info: Server started at http://localhost:3000/api/v1/ {"timestamp":"2024-11-16T13:49:04.142Z"}
info: Connected to the database. {"timestamp":"2024-11-16T13:49:04.171Z"}
info: Server started at http://localhost:3000/api/v1/ {"timestamp":"2024-11-16T13:50:46.387Z"}
info: Connected to the database. {"timestamp":"2024-11-16T13:50:46.416Z"}
info: Server started at http://localhost:3000/api/v1/ {"timestamp":"2024-11-16T13:51:30.173Z"}
info: Connected to the database. {"timestamp":"2024-11-16T13:51:30.200Z"}
info: Server started at http://localhost:3000/api/v1/ {"timestamp":"2024-11-16T13:51:39.667Z"}
info: Connected to the database. {"timestamp":"2024-11-16T13:51:39.722Z"}
info: Server started at http://localhost:3000/api/v1/ {"timestamp":"2024-11-16T13:52:11.860Z"}
info: Connected to the database. {"timestamp":"2024-11-16T13:52:11.883Z"}
info: Server started at http://localhost:3000/api/v1/ {"timestamp":"2024-11-16T13:52:25.928Z"}
info: Connected to the database. {"timestamp":"2024-11-16T13:52:25.965Z"}
info: Server started at http://localhost:3000/api/v1/ {"timestamp":"2024-11-16T13:52:37.438Z"}
info: Connected to the database. {"timestamp":"2024-11-16T13:52:37.482Z"}
info: Server started at http://localhost:3000/api/v1/ {"timestamp":"2024-11-16T13:52:43.487Z"}
info: Connected to the database. {"timestamp":"2024-11-16T13:52:43.534Z"}
info: Server started at http://localhost:3000/api/v1/ {"timestamp":"2024-11-16T13:53:04.391Z"}
info: Connected to the database. {"timestamp":"2024-11-16T13:53:04.424Z"}
info: Server started at http://localhost:3000/api/v1/ {"timestamp":"2024-11-16T13:53:06.240Z"}
info: Connected to the database. {"timestamp":"2024-11-16T13:53:06.264Z"}
info: Server started at http://localhost:3000/api/v1/ {"timestamp":"2024-11-16T13:53:14.716Z"}
info: Connected to the database. {"timestamp":"2024-11-16T13:53:14.739Z"}
info: Server started at http://localhost:3000/api/v1/ {"timestamp":"2024-11-16T13:53:19.743Z"}
info: Connected to the database. {"timestamp":"2024-11-16T13:53:19.768Z"}
info: Server started at http://localhost:3000/api/v1/ {"timestamp":"2024-11-16T13:53:26.565Z"}
info: Connected to the database. {"timestamp":"2024-11-16T13:53:26.622Z"}
info: Server started at http://localhost:3000/api/v1/ {"timestamp":"2024-11-16T13:54:07.162Z"}
info: Connected to the database. {"timestamp":"2024-11-16T13:54:07.207Z"}
info: Server started at http://localhost:3000/api/v1/ {"timestamp":"2024-11-16T13:54:13.010Z"}
info: Connected to the database. {"timestamp":"2024-11-16T13:54:13.061Z"}
info: Server started at http://localhost:3000/api/v1/ {"timestamp":"2024-11-16T13:54:49.827Z"}
info: Connected to the database. {"timestamp":"2024-11-16T13:54:49.851Z"}
info: Server started at http://localhost:3000/api/v1/ {"timestamp":"2024-11-16T13:54:55.694Z"}
info: Connected to the database. {"timestamp":"2024-11-16T13:54:55.721Z"}
info: Server started at http://localhost:3000/api/v1/ {"timestamp":"2024-11-16T13:55:01.073Z"}
info: Connected to the database. {"timestamp":"2024-11-16T13:55:01.100Z"}
info: Server started at http://localhost:3000/api/v1/ {"timestamp":"2024-11-16T13:55:05.867Z"}
info: Connected to the database. {"timestamp":"2024-11-16T13:55:05.921Z"}
info: Server started at http://localhost:3000/api/v1/ {"timestamp":"2024-11-16T13:55:10.285Z"}
info: Connected to the database. {"timestamp":"2024-11-16T13:55:10.308Z"}
info: Server started at http://localhost:3000/api/v1/ {"timestamp":"2024-11-16T13:55:17.308Z"}
info: Connected to the database. {"timestamp":"2024-11-16T13:55:17.339Z"}
info: Server started at http://localhost:3000/api/v1/ {"timestamp":"2024-11-16T13:56:19.798Z"}
info: Connected to the database. {"timestamp":"2024-11-16T13:56:19.828Z"}
info: Server started at http://localhost:3000/api/v1/ {"timestamp":"2024-11-16T13:56:23.998Z"}
info: Connected to the database. {"timestamp":"2024-11-16T13:56:24.033Z"}
info: Server started at http://localhost:3000/api/v1/ {"timestamp":"2024-11-16T13:56:37.636Z"}
info: Connected to the database. {"timestamp":"2024-11-16T13:56:37.666Z"}
info: Server started at http://localhost:3000/api/v1/ {"timestamp":"2024-11-16T13:56:39.643Z"}
info: Connected to the database. {"timestamp":"2024-11-16T13:56:39.672Z"}
info: Server started at http://localhost:3000/api/v1/ {"timestamp":"2024-11-16T13:56:48.309Z"}
info: Connected to the database. {"timestamp":"2024-11-16T13:56:48.337Z"}
info: Server started at http://localhost:3000/api/v1/ {"timestamp":"2024-11-16T13:56:50.937Z"}
info: Connected to the database. {"timestamp":"2024-11-16T13:56:50.962Z"}
info: Server started at http://localhost:3000/api/v1/ {"timestamp":"2024-11-16T13:56:55.212Z"}
info: Connected to the database. {"timestamp":"2024-11-16T13:56:55.282Z"}
info: Server started at http://localhost:3000/api/v1/ {"timestamp":"2024-11-16T13:56:59.990Z"}
info: Connected to the database. {"timestamp":"2024-11-16T13:57:00.041Z"}
info: Server started at http://localhost:3000/api/v1/ {"timestamp":"2024-11-16T13:57:13.214Z"}
info: Connected to the database. {"timestamp":"2024-11-16T13:57:13.242Z"}
info: Server started at http://localhost:3000/api/v1/ {"timestamp":"2024-11-16T13:57:31.336Z"}
info: Connected to the database. {"timestamp":"2024-11-16T13:57:31.359Z"}
info: Server started at http://localhost:3000/api/v1/ {"timestamp":"2024-11-16T13:57:40.882Z"}
info: Connected to the database. {"timestamp":"2024-11-16T13:57:40.910Z"}
info: Server started at http://localhost:3000/api/v1/ {"timestamp":"2024-11-16T13:58:27.006Z"}
info: Connected to the database. {"timestamp":"2024-11-16T13:58:27.036Z"}
info: Server started at http://localhost:3000/api/v1/ {"timestamp":"2024-11-16T13:58:30.496Z"}
info: Connected to the database. {"timestamp":"2024-11-16T13:58:30.550Z"}
info: Server started at http://localhost:3000/api/v1/ {"timestamp":"2024-11-16T13:58:34.814Z"}
info: Connected to the database. {"timestamp":"2024-11-16T13:58:34.839Z"}
info: Server started at http://localhost:3000/api/v1/ {"timestamp":"2024-11-16T13:58:49.868Z"}
info: Connected to the database. {"timestamp":"2024-11-16T13:58:49.896Z"}
info: Server started at http://localhost:3000/api/v1/ {"timestamp":"2024-11-16T13:59:11.260Z"}
info: Connected to the database. {"timestamp":"2024-11-16T13:59:11.287Z"}
info: Server started at http://localhost:3000/api/v1/ {"timestamp":"2024-11-16T13:59:15.737Z"}
info: Connected to the database. {"timestamp":"2024-11-16T13:59:15.814Z"}
info: Server started at http://localhost:3000/api/v1/ {"timestamp":"2024-11-16T13:59:20.545Z"}
info: Connected to the database. {"timestamp":"2024-11-16T13:59:20.613Z"}
info: Server started at http://localhost:3000/api/v1/ {"timestamp":"2024-11-16T13:59:25.284Z"}
info: Connected to the database. {"timestamp":"2024-11-16T13:59:25.341Z"}
info: Server started at http://localhost:3000/api/v1/ {"timestamp":"2024-11-16T13:59:57.051Z"}
info: Connected to the database. {"timestamp":"2024-11-16T13:59:57.119Z"}
info: Server started at http://localhost:3000/api/v1/ {"timestamp":"2024-11-16T14:01:24.184Z"}
info: Connected to the database. {"timestamp":"2024-11-16T14:01:24.210Z"}
info: Server started at http://localhost:3000/api/v1/ {"timestamp":"2024-11-16T14:04:35.932Z"}
info: Connected to the database. {"timestamp":"2024-11-16T14:04:35.965Z"}
info: Server started at http://localhost:3000/api/v1/ {"timestamp":"2024-11-16T14:04:40.732Z"}
info: Connected to the database. {"timestamp":"2024-11-16T14:04:40.834Z"}
info: Server started at http://localhost:3000/api/v1/ {"timestamp":"2024-11-16T14:05:35.899Z"}
info: Connected to the database. {"timestamp":"2024-11-16T14:05:35.925Z"}
info: Server started at http://localhost:3000/api/v1/ {"timestamp":"2024-11-16T14:06:16.149Z"}
info: Connected to the database. {"timestamp":"2024-11-16T14:06:16.176Z"}
info: Server started at http://localhost:3000/api/v1/ {"timestamp":"2024-11-16T14:06:30.695Z"}
info: Connected to the database. {"timestamp":"2024-11-16T14:06:30.719Z"}
info: Server started at http://localhost:3000/api/v1/ {"timestamp":"2024-11-16T14:06:55.275Z"}
info: Connected to the database. {"timestamp":"2024-11-16T14:06:55.298Z"}
info: Server started at http://localhost:3000/api/v1/ {"timestamp":"2024-11-16T14:06:59.391Z"}
info: Connected to the database. {"timestamp":"2024-11-16T14:06:59.427Z"}
info: Server started at http://localhost:3000/api/v1/ {"timestamp":"2024-11-16T14:07:02.180Z"}
info: Server started at http://localhost:3000/api/v1/ {"timestamp":"2024-11-16T14:07:07.207Z"}
info: Connected to the database. {"timestamp":"2024-11-16T14:07:07.230Z"}
info: Server started at http://localhost:3000/api/v1/ {"timestamp":"2024-11-16T14:07:22.274Z"}
info: Connected to the database. {"timestamp":"2024-11-16T14:07:22.306Z"}
info: Server started at http://localhost:3000/api/v1/ {"timestamp":"2024-11-16T14:09:08.567Z"}
info: Connected to the database. {"timestamp":"2024-11-16T14:09:08.616Z"}
info: Server started at http://localhost:3000/api/v1/ {"timestamp":"2024-11-16T14:09:10.591Z"}
info: Connected to the database. {"timestamp":"2024-11-16T14:09:10.618Z"}
info: Server started at http://localhost:3000/api/v1/ {"timestamp":"2024-11-16T14:10:09.847Z"}
info: Connected to the database. {"timestamp":"2024-11-16T14:10:09.912Z"}
info: Server started at http://localhost:3000/api/v1/ {"timestamp":"2024-11-16T14:11:03.238Z"}
info: Connected to the database. {"timestamp":"2024-11-16T14:11:03.272Z"}
info: Server started at http://localhost:3000/api/v1/ {"timestamp":"2024-11-16T14:11:06.622Z"}
info: Connected to the database. {"timestamp":"2024-11-16T14:11:06.648Z"}
info: Server started at http://localhost:3000/api/v1/ {"timestamp":"2024-11-16T14:11:17.430Z"}
info: Connected to the database. {"timestamp":"2024-11-16T14:11:17.456Z"}
info: Server started at http://localhost:3000/api/v1/ {"timestamp":"2024-11-16T14:11:19.872Z"}
info: Connected to the database. {"timestamp":"2024-11-16T14:11:19.921Z"}
info: Server started at http://localhost:3000/api/v1/ {"timestamp":"2024-11-16T14:11:38.611Z"}
info: Connected to the database. {"timestamp":"2024-11-16T14:11:38.633Z"}
info: Server started at http://localhost:3000/api/v1/ {"timestamp":"2024-11-16T14:13:02.229Z"}
info: Connected to the database. {"timestamp":"2024-11-16T14:13:02.256Z"}
info: Server started at http://localhost:3000/api/v1/ {"timestamp":"2024-11-16T14:13:40.532Z"}
info: Connected to the database. {"timestamp":"2024-11-16T14:13:40.560Z"}
info: Server started at http://localhost:3000/api/v1/ {"timestamp":"2024-11-16T14:13:44.086Z"}
info: Connected to the database. {"timestamp":"2024-11-16T14:13:44.109Z"}
info: Server started at http://localhost:3000/api/v1/ {"timestamp":"2024-11-16T14:13:48.944Z"}
info: Connected to the database. {"timestamp":"2024-11-16T14:13:48.995Z"}
info: Server started at http://localhost:3000/api/v1/ {"timestamp":"2024-11-16T14:13:52.471Z"}
info: Connected to the database. {"timestamp":"2024-11-16T14:13:52.510Z"}
info: Server started at http://localhost:3000/api/v1/ {"timestamp":"2024-11-16T14:13:55.164Z"}
info: Connected to the database. {"timestamp":"2024-11-16T14:13:55.190Z"}
info: Server started at http://localhost:3000/api/v1/ {"timestamp":"2024-11-16T14:14:13.665Z"}
info: Connected to the database. {"timestamp":"2024-11-16T14:14:13.688Z"}
info: Server started at http://localhost:3000/api/v1/ {"timestamp":"2024-11-16T14:14:41.050Z"}
info: Connected to the database. {"timestamp":"2024-11-16T14:14:41.074Z"}
info: Server started at http://localhost:3000/api/v1/ {"timestamp":"2024-11-16T14:15:05.724Z"}
info: Connected to the database. {"timestamp":"2024-11-16T14:15:05.772Z"}
info: Server started at http://localhost:3000/api/v1/ {"timestamp":"2024-11-16T14:15:43.192Z"}
info: Connected to the database. {"timestamp":"2024-11-16T14:15:43.245Z"}
info: Server started at http://localhost:3000/api/v1/ {"timestamp":"2024-11-16T14:16:06.866Z"}
info: Connected to the database. {"timestamp":"2024-11-16T14:16:06.919Z"}
info: Server started at http://localhost:3000/api/v1/ {"timestamp":"2024-11-16T14:16:25.292Z"}
info: Connected to the database. {"timestamp":"2024-11-16T14:16:25.324Z"}
info: Server started at http://localhost:3000/api/v1/ {"timestamp":"2024-11-16T14:16:44.548Z"}
info: Connected to the database. {"timestamp":"2024-11-16T14:16:44.604Z"}
info: Server started at http://localhost:3000/api/v1/ {"timestamp":"2024-11-16T14:16:49.681Z"}
info: Connected to the database. {"timestamp":"2024-11-16T14:16:49.730Z"}
info: Server started at http://localhost:3000/api/v1/ {"timestamp":"2024-11-16T14:17:16.054Z"}
info: Connected to the database. {"timestamp":"2024-11-16T14:17:16.114Z"}
info: Server started at http://localhost:3000/api/v1/ {"timestamp":"2024-11-16T14:17:51.581Z"}
info: Connected to the database. {"timestamp":"2024-11-16T14:17:51.622Z"}
info: Server started at http://localhost:3000/api/v1/ {"timestamp":"2024-11-16T14:18:22.917Z"}
info: Connected to the database. {"timestamp":"2024-11-16T14:18:23.019Z"}
info: Server started at http://localhost:3000/api/v1/ {"timestamp":"2024-11-16T14:19:55.911Z"}
info: Connected to the database. {"timestamp":"2024-11-16T14:19:55.950Z"}
info: Server started at http://localhost:3000/api/v1/ {"timestamp":"2024-11-16T14:19:58.051Z"}
info: Connected to the database. {"timestamp":"2024-11-16T14:19:58.081Z"}
info: Server started at http://localhost:3000/api/v1/ {"timestamp":"2024-11-16T14:20:02.101Z"}
info: Connected to the database. {"timestamp":"2024-11-16T14:20:02.125Z"}
info: Server started at http://localhost:3000/api/v1/ {"timestamp":"2024-11-16T14:20:04.211Z"}
info: Connected to the database. {"timestamp":"2024-11-16T14:20:04.239Z"}
info: Server started at http://localhost:3000/api/v1/ {"timestamp":"2024-11-16T14:21:17.213Z"}
info: Connected to the database. {"timestamp":"2024-11-16T14:21:17.239Z"}
info: Server started at http://localhost:3000/api/v1/ {"timestamp":"2024-11-16T14:24:33.557Z"}
info: Connected to the database. {"timestamp":"2024-11-16T14:24:33.593Z"}
info: Server started at http://localhost:3000/api/v1/ {"timestamp":"2024-11-16T14:25:26.615Z"}
info: Connected to the database. {"timestamp":"2024-11-16T14:25:26.643Z"}
info: Server started at http://localhost:3000/api/v1/ {"timestamp":"2024-11-16T14:25:48.195Z"}
info: Connected to the database. {"timestamp":"2024-11-16T14:25:48.239Z"}
info: Server started at http://localhost:3000/api/v1/ {"timestamp":"2024-11-16T14:25:56.270Z"}
info: Connected to the database. {"timestamp":"2024-11-16T14:25:56.297Z"}
info: Server started at http://localhost:3000/api/v1/ {"timestamp":"2024-11-16T14:26:00.189Z"}
info: Connected to the database. {"timestamp":"2024-11-16T14:26:00.259Z"}
info: Server started at http://localhost:3000/api/v1/ {"timestamp":"2024-11-16T14:26:10.122Z"}
info: Connected to the database. {"timestamp":"2024-11-16T14:26:10.149Z"}
info: Server started at http://localhost:3000/api/v1/ {"timestamp":"2024-11-16T14:26:12.981Z"}
info: Connected to the database. {"timestamp":"2024-11-16T14:26:13.007Z"}
info: Server started at http://localhost:3000/api/v1/ {"timestamp":"2024-11-16T14:26:16.053Z"}
info: Connected to the database. {"timestamp":"2024-11-16T14:26:16.111Z"}
info: Server started at http://localhost:3000/api/v1/ {"timestamp":"2024-11-16T14:26:23.267Z"}
info: Connected to the database. {"timestamp":"2024-11-16T14:26:23.294Z"}
info: Server started at http://localhost:3000/api/v1/ {"timestamp":"2024-11-16T14:26:28.463Z"}
info: Connected to the database. {"timestamp":"2024-11-16T14:26:28.509Z"}
info: Server started at http://localhost:3000/api/v1/ {"timestamp":"2024-11-16T14:26:37.707Z"}
info: Connected to the database. {"timestamp":"2024-11-16T14:26:37.736Z"}
info: Server started at http://localhost:3000/api/v1/ {"timestamp":"2024-11-16T14:26:42.449Z"}
info: Connected to the database. {"timestamp":"2024-11-16T14:26:42.477Z"}
info: Server started at http://localhost:3000/api/v1/ {"timestamp":"2024-11-16T14:26:49.055Z"}
info: Connected to the database. {"timestamp":"2024-11-16T14:26:49.081Z"}
info: Server started at http://localhost:3000/api/v1/ {"timestamp":"2024-11-16T14:26:51.218Z"}
info: Connected to the database. {"timestamp":"2024-11-16T14:26:51.244Z"}
info: Server started at http://localhost:3000/api/v1/ {"timestamp":"2024-11-16T14:27:00.043Z"}
info: Connected to the database. {"timestamp":"2024-11-16T14:27:00.103Z"}
info: Server started at http://localhost:3000/api/v1/ {"timestamp":"2024-11-16T14:27:06.649Z"}
info: Connected to the database. {"timestamp":"2024-11-16T14:27:06.675Z"}
info: Server started at http://localhost:3000/api/v1/ {"timestamp":"2024-11-16T14:27:10.032Z"}
info: Connected to the database. {"timestamp":"2024-11-16T14:27:10.056Z"}
info: Server started at http://localhost:3000/api/v1/ {"timestamp":"2024-11-16T14:27:12.646Z"}
info: Connected to the database. {"timestamp":"2024-11-16T14:27:12.696Z"}
info: Server started at http://localhost:3000/api/v1/ {"timestamp":"2024-11-16T14:27:15.963Z"}
info: Connected to the database. {"timestamp":"2024-11-16T14:27:16.020Z"}
info: Server started at http://localhost:3000/api/v1/ {"timestamp":"2024-11-16T14:27:35.615Z"}
info: Connected to the database. {"timestamp":"2024-11-16T14:27:35.668Z"}
info: Server started at http://localhost:3000/api/v1/ {"timestamp":"2024-11-16T14:27:53.987Z"}
info: Connected to the database. {"timestamp":"2024-11-16T14:27:54.016Z"}
info: Server started at http://localhost:3000/api/v1/ {"timestamp":"2024-11-16T14:27:57.868Z"}
info: Connected to the database. {"timestamp":"2024-11-16T14:27:57.904Z"}
info: Server started at http://localhost:3000/api/v1/ {"timestamp":"2024-11-16T14:28:04.088Z"}
info: Connected to the database. {"timestamp":"2024-11-16T14:28:04.158Z"}
error: 
    status - 500 
    message - SyntaxError: Expected double-quoted property name in JSON at position 66
    at JSON.parse (<anonymous>)
    at parse (E:\Project1\FundDoNotes\node_modules\body-parser\lib\types\json.js:92:19)
    at E:\Project1\FundDoNotes\node_modules\body-parser\lib\read.js:128:18
    at AsyncResource.runInAsyncScope (node:async_hooks:206:9)
    at invokeCallback (E:\Project1\FundDoNotes\node_modules\raw-body\index.js:238:16)
    at done (E:\Project1\FundDoNotes\node_modules\raw-body\index.js:227:7)
    at IncomingMessage.onEnd (E:\Project1\FundDoNotes\node_modules\raw-body\index.js:287:7)
    at IncomingMessage.emit (node:events:519:28)
    at endReadableNT (node:internal/streams/readable:1696:12)
    at processTicksAndRejections (node:internal/process/task_queues:82:21) 
    url - /api/v1/fundonotes/user/login 
    method - POST 
    IP - ::1
   {"timestamp":"2024-11-16T14:29:40.930Z"}
info: Server started at http://localhost:3000/api/v1/ {"timestamp":"2024-11-16T14:30:39.988Z"}
info: Connected to the database. {"timestamp":"2024-11-16T14:30:40.015Z"}
info: Server started at http://localhost:3000/api/v1/ {"timestamp":"2024-11-16T14:30:52.368Z"}
info: Connected to the database. {"timestamp":"2024-11-16T14:30:52.392Z"}
info: Server started at http://localhost:3000/api/v1/ {"timestamp":"2024-11-16T14:31:29.363Z"}
info: Connected to the database. {"timestamp":"2024-11-16T14:31:29.396Z"}
info: Server started at http://localhost:3000/api/v1/ {"timestamp":"2024-11-16T14:31:32.335Z"}
info: Connected to the database. {"timestamp":"2024-11-16T14:31:32.386Z"}
info: Server started at http://localhost:3000/api/v1/ {"timestamp":"2024-11-16T14:31:41.238Z"}
info: Connected to the database. {"timestamp":"2024-11-16T14:31:41.263Z"}
info: Server started at http://localhost:3000/api/v1/ {"timestamp":"2024-11-16T14:31:59.634Z"}
info: Connected to the database. {"timestamp":"2024-11-16T14:31:59.660Z"}
info: Server started at http://localhost:3000/api/v1/ {"timestamp":"2024-11-16T14:32:07.118Z"}
info: Connected to the database. {"timestamp":"2024-11-16T14:32:07.143Z"}
info: Server started at http://localhost:3000/api/v1/ {"timestamp":"2024-11-16T14:32:11.986Z"}
info: Connected to the database. {"timestamp":"2024-11-16T14:32:12.035Z"}
info: Server started at http://localhost:3000/api/v1/ {"timestamp":"2024-11-16T14:32:21.930Z"}
info: Connected to the database. {"timestamp":"2024-11-16T14:32:21.991Z"}
info: Server started at http://localhost:3000/api/v1/ {"timestamp":"2024-11-16T14:32:34.139Z"}
info: Connected to the database. {"timestamp":"2024-11-16T14:32:34.167Z"}
info: Server started at http://localhost:3000/api/v1/ {"timestamp":"2024-11-16T14:32:51.412Z"}
info: Connected to the database. {"timestamp":"2024-11-16T14:32:51.439Z"}
info: Server started at http://localhost:3000/api/v1/ {"timestamp":"2024-11-16T14:33:02.170Z"}
info: Connected to the database. {"timestamp":"2024-11-16T14:33:02.220Z"}
info: Server started at http://localhost:3000/api/v1/ {"timestamp":"2024-11-16T14:33:11.325Z"}
info: Connected to the database. {"timestamp":"2024-11-16T14:33:11.374Z"}
info: Server started at http://localhost:3000/api/v1/ {"timestamp":"2024-11-16T14:33:23.132Z"}
info: Connected to the database. {"timestamp":"2024-11-16T14:33:23.161Z"}
info: Server started at http://localhost:3000/api/v1/ {"timestamp":"2024-11-16T14:33:27.364Z"}
info: Connected to the database. {"timestamp":"2024-11-16T14:33:27.432Z"}
info: Server started at http://localhost:3000/api/v1/ {"timestamp":"2024-11-16T14:33:34.627Z"}
info: Connected to the database. {"timestamp":"2024-11-16T14:33:34.686Z"}
info: Server started at http://localhost:3000/api/v1/ {"timestamp":"2024-11-16T14:33:41.814Z"}
info: Connected to the database. {"timestamp":"2024-11-16T14:33:41.841Z"}
info: Server started at http://localhost:3000/api/v1/ {"timestamp":"2024-11-16T14:33:50.589Z"}
info: Connected to the database. {"timestamp":"2024-11-16T14:33:50.621Z"}
info: Server started at http://localhost:3000/api/v1/ {"timestamp":"2024-11-16T14:33:53.005Z"}
info: Connected to the database. {"timestamp":"2024-11-16T14:33:53.028Z"}
info: Server started at http://localhost:3000/api/v1/ {"timestamp":"2024-11-16T14:34:01.310Z"}
info: Connected to the database. {"timestamp":"2024-11-16T14:34:01.340Z"}
info: Server started at http://localhost:3000/api/v1/ {"timestamp":"2024-11-16T14:34:07.942Z"}
info: Connected to the database. {"timestamp":"2024-11-16T14:34:07.996Z"}
info: Server started at http://localhost:3000/api/v1/ {"timestamp":"2024-11-16T14:34:20.720Z"}
info: Connected to the database. {"timestamp":"2024-11-16T14:34:20.772Z"}
info: Server started at http://localhost:3000/api/v1/ {"timestamp":"2024-11-16T14:34:30.479Z"}
info: Connected to the database. {"timestamp":"2024-11-16T14:34:30.542Z"}
error: 
    status - 500 
    message - SyntaxError: Expected double-quoted property name in JSON at position 66
    at JSON.parse (<anonymous>)
    at parse (E:\Project1\FundDoNotes\node_modules\body-parser\lib\types\json.js:92:19)
    at E:\Project1\FundDoNotes\node_modules\body-parser\lib\read.js:128:18
    at AsyncResource.runInAsyncScope (node:async_hooks:206:9)
    at invokeCallback (E:\Project1\FundDoNotes\node_modules\raw-body\index.js:238:16)
    at done (E:\Project1\FundDoNotes\node_modules\raw-body\index.js:227:7)
    at IncomingMessage.onEnd (E:\Project1\FundDoNotes\node_modules\raw-body\index.js:287:7)
    at IncomingMessage.emit (node:events:519:28)
    at endReadableNT (node:internal/streams/readable:1696:12)
    at processTicksAndRejections (node:internal/process/task_queues:82:21) 
    url - /api/v1/fundonotes/user/forgotpassword 
    method - POST 
    IP - ::1
   {"timestamp":"2024-11-16T14:34:52.871Z"}
info: Server started at http://localhost:3000/api/v1/ {"timestamp":"2024-11-16T14:36:36.032Z"}
info: Connected to the database. {"timestamp":"2024-11-16T14:36:36.067Z"}
info: Server started at http://localhost:3000/api/v1/ {"timestamp":"2024-11-16T14:36:40.438Z"}
info: Connected to the database. {"timestamp":"2024-11-16T14:36:40.504Z"}
info: Server started at http://localhost:3000/api/v1/ {"timestamp":"2024-11-16T14:38:54.543Z"}
info: Connected to the database. {"timestamp":"2024-11-16T14:38:54.593Z"}
info: Server started at http://localhost:3000/api/v1/ {"timestamp":"2024-11-16T14:39:19.786Z"}
info: Connected to the database. {"timestamp":"2024-11-16T14:39:19.812Z"}
info: Server started at http://localhost:3000/api/v1/ {"timestamp":"2024-11-16T14:39:28.509Z"}
info: Connected to the database. {"timestamp":"2024-11-16T14:39:28.543Z"}
info: Server started at http://localhost:3000/api/v1/ {"timestamp":"2024-11-16T14:39:47.041Z"}
info: Server started at http://localhost:3000/api/v1/ {"timestamp":"2024-11-16T14:39:49.360Z"}
info: Connected to the database. {"timestamp":"2024-11-16T14:39:49.410Z"}
info: Server started at http://localhost:3000/api/v1/ {"timestamp":"2024-11-16T14:39:59.940Z"}
info: Connected to the database. {"timestamp":"2024-11-16T14:39:59.998Z"}
info: Server started at http://localhost:3000/api/v1/ {"timestamp":"2024-11-16T14:40:04.300Z"}
info: Connected to the database. {"timestamp":"2024-11-16T14:40:04.365Z"}
info: Server started at http://localhost:3000/api/v1/ {"timestamp":"2024-11-16T14:40:11.054Z"}
info: Connected to the database. {"timestamp":"2024-11-16T14:40:11.098Z"}
info: Server started at http://localhost:3000/api/v1/ {"timestamp":"2024-11-16T14:40:50.740Z"}
info: Connected to the database. {"timestamp":"2024-11-16T14:40:50.799Z"}
info: Server started at http://localhost:3000/api/v1/ {"timestamp":"2024-11-16T14:41:04.265Z"}
info: Connected to the database. {"timestamp":"2024-11-16T14:41:04.293Z"}
info: Server started at http://localhost:3000/api/v1/ {"timestamp":"2024-11-16T14:41:15.725Z"}
info: Connected to the database. {"timestamp":"2024-11-16T14:41:15.750Z"}
info: Server started at http://localhost:3000/api/v1/ {"timestamp":"2024-11-16T14:41:20.544Z"}
info: Connected to the database. {"timestamp":"2024-11-16T14:41:20.576Z"}
info: Server started at http://localhost:3000/api/v1/ {"timestamp":"2024-11-16T14:41:25.218Z"}
info: Connected to the database. {"timestamp":"2024-11-16T14:41:25.256Z"}
info: Server started at http://localhost:3000/api/v1/ {"timestamp":"2024-11-16T14:41:31.051Z"}
info: Connected to the database. {"timestamp":"2024-11-16T14:41:31.084Z"}
info: Server started at http://localhost:3000/api/v1/ {"timestamp":"2024-11-16T14:41:35.551Z"}
info: Connected to the database. {"timestamp":"2024-11-16T14:41:35.688Z"}
info: Server started at http://localhost:3000/api/v1/ {"timestamp":"2024-11-16T14:41:48.563Z"}
info: Connected to the database. {"timestamp":"2024-11-16T14:41:48.632Z"}
info: Server started at http://localhost:3000/api/v1/ {"timestamp":"2024-11-16T14:41:54.647Z"}
info: Connected to the database. {"timestamp":"2024-11-16T14:41:54.672Z"}
info: Server started at http://localhost:3000/api/v1/ {"timestamp":"2024-11-16T14:41:57.658Z"}
info: Connected to the database. {"timestamp":"2024-11-16T14:41:57.707Z"}
info: Server started at http://localhost:3000/api/v1/ {"timestamp":"2024-11-16T14:42:14.694Z"}
info: Connected to the database. {"timestamp":"2024-11-16T14:42:14.718Z"}
info: Server started at http://localhost:3000/api/v1/ {"timestamp":"2024-11-16T14:42:22.209Z"}
info: Connected to the database. {"timestamp":"2024-11-16T14:42:22.295Z"}
info: Server started at http://localhost:3000/api/v1/ {"timestamp":"2024-11-16T14:42:25.533Z"}
info: Connected to the database. {"timestamp":"2024-11-16T14:42:25.590Z"}
info: Server started at http://localhost:3000/api/v1/ {"timestamp":"2024-11-16T14:42:58.050Z"}
info: Connected to the database. {"timestamp":"2024-11-16T14:42:58.083Z"}
info: Server started at http://localhost:3000/api/v1/ {"timestamp":"2024-11-16T14:43:18.700Z"}
info: Connected to the database. {"timestamp":"2024-11-16T14:43:18.723Z"}
info: Server started at http://localhost:3000/api/v1/ {"timestamp":"2024-11-16T14:43:22.329Z"}
info: Connected to the database. {"timestamp":"2024-11-16T14:43:22.397Z"}
info: Server started at http://localhost:3000/api/v1/ {"timestamp":"2024-11-16T14:43:30.552Z"}
info: Connected to the database. {"timestamp":"2024-11-16T14:43:30.581Z"}
info: Server started at http://localhost:3000/api/v1/ {"timestamp":"2024-11-16T14:43:32.654Z"}
info: Connected to the database. {"timestamp":"2024-11-16T14:43:32.680Z"}
info: Server started at http://localhost:3000/api/v1/ {"timestamp":"2024-11-16T14:43:35.162Z"}
info: Connected to the database. {"timestamp":"2024-11-16T14:43:35.187Z"}
info: Server started at http://localhost:3000/api/v1/ {"timestamp":"2024-11-16T14:43:39.065Z"}
info: Connected to the database. {"timestamp":"2024-11-16T14:43:39.091Z"}
info: Server started at http://localhost:3000/api/v1/ {"timestamp":"2024-11-16T14:43:57.708Z"}
info: Connected to the database. {"timestamp":"2024-11-16T14:43:57.741Z"}
info: Server started at http://localhost:3000/api/v1/ {"timestamp":"2024-11-16T14:44:10.256Z"}
info: Connected to the database. {"timestamp":"2024-11-16T14:44:10.284Z"}
info: Server started at http://localhost:3000/api/v1/ {"timestamp":"2024-11-16T14:46:09.153Z"}
info: Connected to the database. {"timestamp":"2024-11-16T14:46:09.182Z"}
info: Server started at http://localhost:3000/api/v1/ {"timestamp":"2024-11-16T14:46:39.907Z"}
info: Connected to the database. {"timestamp":"2024-11-16T14:46:39.972Z"}
info: Server started at http://localhost:3000/api/v1/ {"timestamp":"2024-11-16T14:46:52.788Z"}
info: Connected to the database. {"timestamp":"2024-11-16T14:46:52.811Z"}
info: Server started at http://localhost:3000/api/v1/ {"timestamp":"2024-11-16T14:46:54.228Z"}
info: Connected to the database. {"timestamp":"2024-11-16T14:46:54.341Z"}
info: Server started at http://localhost:3000/api/v1/ {"timestamp":"2024-11-16T14:46:58.097Z"}
info: Connected to the database. {"timestamp":"2024-11-16T14:46:58.124Z"}
info: Server started at http://localhost:3000/api/v1/ {"timestamp":"2024-11-16T14:47:28.605Z"}
info: Connected to the database. {"timestamp":"2024-11-16T14:47:28.630Z"}
info: Server started at http://localhost:3000/api/v1/ {"timestamp":"2024-11-16T14:48:38.932Z"}
info: Connected to the database. {"timestamp":"2024-11-16T14:48:38.958Z"}
info: Server started at http://localhost:3000/api/v1/ {"timestamp":"2024-11-16T14:48:43.564Z"}
info: Connected to the database. {"timestamp":"2024-11-16T14:48:43.594Z"}
info: Server started at http://localhost:3000/api/v1/ {"timestamp":"2024-11-16T14:48:53.295Z"}
info: Connected to the database. {"timestamp":"2024-11-16T14:48:53.335Z"}
info: Server started at http://localhost:3000/api/v1/ {"timestamp":"2024-11-16T14:49:04.444Z"}
info: Connected to the database. {"timestamp":"2024-11-16T14:49:04.475Z"}
info: Server started at http://localhost:3000/api/v1/ {"timestamp":"2024-11-16T14:49:06.262Z"}
info: Connected to the database. {"timestamp":"2024-11-16T14:49:06.298Z"}
info: Server started at http://localhost:3000/api/v1/ {"timestamp":"2024-11-16T14:49:15.815Z"}
info: Connected to the database. {"timestamp":"2024-11-16T14:49:15.869Z"}
info: Server started at http://localhost:3000/api/v1/ {"timestamp":"2024-11-16T14:49:23.964Z"}
info: Connected to the database. {"timestamp":"2024-11-16T14:49:23.991Z"}
info: Server started at http://localhost:3000/api/v1/ {"timestamp":"2024-11-16T14:56:08.086Z"}
info: Connected to the database. {"timestamp":"2024-11-16T14:56:08.110Z"}
info: Server started at http://localhost:3000/api/v1/ {"timestamp":"2024-11-16T14:56:38.685Z"}
info: Connected to the database. {"timestamp":"2024-11-16T14:56:38.713Z"}
info: Server started at http://localhost:3000/api/v1/ {"timestamp":"2024-11-16T15:01:20.812Z"}
info: Connected to the database. {"timestamp":"2024-11-16T15:01:20.868Z"}
info: Server started at http://localhost:3000/api/v1/ {"timestamp":"2024-11-16T15:01:57.345Z"}
info: Connected to the database. {"timestamp":"2024-11-16T15:01:57.372Z"}
info: Server started at http://localhost:3000/api/v1/ {"timestamp":"2024-11-16T15:03:01.359Z"}
info: Connected to the database. {"timestamp":"2024-11-16T15:03:01.389Z"}
info: Server started at http://localhost:3000/api/v1/ {"timestamp":"2024-11-16T15:05:50.240Z"}
info: Connected to the database. {"timestamp":"2024-11-16T15:05:50.269Z"}
info: Server started at http://localhost:3000/api/v1/ {"timestamp":"2024-11-16T15:06:23.729Z"}
info: Connected to the database. {"timestamp":"2024-11-16T15:06:23.755Z"}
info: Server started at http://localhost:3000/api/v1/ {"timestamp":"2024-11-16T15:06:40.503Z"}
info: Connected to the database. {"timestamp":"2024-11-16T15:06:40.530Z"}
info: Server started at http://localhost:3000/api/v1/ {"timestamp":"2024-11-16T15:07:08.145Z"}
info: Connected to the database. {"timestamp":"2024-11-16T15:07:08.174Z"}
info: Server started at http://localhost:3000/api/v1/ {"timestamp":"2024-11-16T15:07:38.689Z"}
info: Connected to the database. {"timestamp":"2024-11-16T15:07:38.714Z"}
info: Server started at http://localhost:3000/api/v1/ {"timestamp":"2024-11-16T15:08:02.525Z"}
info: Connected to the database. {"timestamp":"2024-11-16T15:08:02.574Z"}
info: Server started at http://localhost:3000/api/v1/ {"timestamp":"2024-11-16T15:10:18.745Z"}
info: Connected to the database. {"timestamp":"2024-11-16T15:10:18.786Z"}
error: 
    status - 500 
    message - ValidationError: "email" must be a valid email 
    url - /api/v1/fundonotes/user 
    method - POST 
    IP - ::1
   {"timestamp":"2024-11-16T15:11:54.498Z"}
error: 
    status - 500 
    message - SyntaxError: Expected double-quoted property name in JSON at position 37
    at JSON.parse (<anonymous>)
    at parse (E:\Project1\FundDoNotes\node_modules\body-parser\lib\types\json.js:92:19)
    at E:\Project1\FundDoNotes\node_modules\body-parser\lib\read.js:128:18
    at AsyncResource.runInAsyncScope (node:async_hooks:206:9)
    at invokeCallback (E:\Project1\FundDoNotes\node_modules\raw-body\index.js:238:16)
    at done (E:\Project1\FundDoNotes\node_modules\raw-body\index.js:227:7)
    at IncomingMessage.onEnd (E:\Project1\FundDoNotes\node_modules\raw-body\index.js:287:7)
    at IncomingMessage.emit (node:events:519:28)
    at endReadableNT (node:internal/streams/readable:1696:12)
    at processTicksAndRejections (node:internal/process/task_queues:82:21) 
    url - /api/v1/fundonotes/user/forgotpassword 
    method - POST 
    IP - ::1
   {"timestamp":"2024-11-16T15:13:15.979Z"}
info: Server started at http://localhost:3000/api/v1/ {"timestamp":"2024-11-16T15:14:26.230Z"}
info: Connected to the database. {"timestamp":"2024-11-16T15:14:26.259Z"}
info: Server started at http://localhost:3000/api/v1/ {"timestamp":"2024-11-16T15:14:29.098Z"}
info: Connected to the database. {"timestamp":"2024-11-16T15:14:29.160Z"}
info: Server started at http://localhost:3000/api/v1/ {"timestamp":"2024-11-16T15:14:33.444Z"}
info: Connected to the database. {"timestamp":"2024-11-16T15:14:33.471Z"}
info: Server started at http://localhost:3000/api/v1/ {"timestamp":"2024-11-16T15:18:50.359Z"}
info: Connected to the database. {"timestamp":"2024-11-16T15:18:50.386Z"}
info: Server started at http://localhost:3000/api/v1/ {"timestamp":"2024-11-16T15:21:54.651Z"}
info: Connected to the database. {"timestamp":"2024-11-16T15:21:54.679Z"}
info: Server started at http://localhost:3000/api/v1/ {"timestamp":"2024-11-16T15:22:01.816Z"}
info: Connected to the database. {"timestamp":"2024-11-16T15:22:01.842Z"}
info: Server started at http://localhost:3000/api/v1/ {"timestamp":"2024-11-16T15:23:44.890Z"}
info: Connected to the database. {"timestamp":"2024-11-16T15:23:44.914Z"}
info: Server started at http://localhost:3000/api/v1/ {"timestamp":"2024-11-16T15:23:49.351Z"}
info: Connected to the database. {"timestamp":"2024-11-16T15:23:49.377Z"}
info: Server started at http://localhost:3000/api/v1/ {"timestamp":"2024-11-16T15:27:55.431Z"}
info: Connected to the database. {"timestamp":"2024-11-16T15:27:55.453Z"}
<<<<<<< HEAD
=======
info: Server started at http://localhost:3000/api/v1/ {"timestamp":"2024-11-16T16:05:29.357Z"}
info: Connected to the database. {"timestamp":"2024-11-16T16:05:29.382Z"}
>>>>>>> UserNotes
