info: Server started at http://localhost:3000/api/v1/ {"timestamp":"2024-11-13T07:41:25.867Z"}
info: Connected to the database. {"timestamp":"2024-11-13T07:41:25.941Z"}
info: Server started at http://localhost:3000/api/v1/ {"timestamp":"2024-11-13T07:43:51.211Z"}
info: Connected to the database. {"timestamp":"2024-11-13T07:43:51.237Z"}
info: Server started at http://localhost:3000/api/v1/ {"timestamp":"2024-11-13T07:44:06.179Z"}
info: Connected to the database. {"timestamp":"2024-11-13T07:44:06.203Z"}
info: Server started at http://localhost:3000/api/v1/ {"timestamp":"2024-11-13T07:44:08.559Z"}
info: Connected to the database. {"timestamp":"2024-11-13T07:44:08.625Z"}
info: Server started at http://localhost:3000/api/v1/ {"timestamp":"2024-11-13T07:44:18.931Z"}
info: Connected to the database. {"timestamp":"2024-11-13T07:44:18.957Z"}
info: Server started at http://localhost:3000/api/v1/ {"timestamp":"2024-11-13T07:44:52.998Z"}
info: Connected to the database. {"timestamp":"2024-11-13T07:44:53.029Z"}
info: Server started at http://localhost:3000/api/v1/ {"timestamp":"2024-11-13T07:44:55.582Z"}
info: Connected to the database. {"timestamp":"2024-11-13T07:44:55.613Z"}
info: Server started at http://localhost:3000/api/v1/ {"timestamp":"2024-11-13T07:44:59.372Z"}
info: Connected to the database. {"timestamp":"2024-11-13T07:44:59.426Z"}
info: Server started at http://localhost:3000/api/v1/ {"timestamp":"2024-11-13T07:45:06.968Z"}
info: Connected to the database. {"timestamp":"2024-11-13T07:45:07.048Z"}
info: Server started at http://localhost:3000/api/v1/ {"timestamp":"2024-11-13T07:46:08.535Z"}
info: Connected to the database. {"timestamp":"2024-11-13T07:46:08.561Z"}
info: Server started at http://localhost:3000/api/v1/ {"timestamp":"2024-11-13T07:46:11.240Z"}
info: Connected to the database. {"timestamp":"2024-11-13T07:46:11.295Z"}
info: Server started at http://localhost:3000/api/v1/ {"timestamp":"2024-11-13T07:46:15.298Z"}
info: Connected to the database. {"timestamp":"2024-11-13T07:46:15.357Z"}
info: Server started at http://localhost:3000/api/v1/ {"timestamp":"2024-11-13T07:46:50.480Z"}
info: Connected to the database. {"timestamp":"2024-11-13T07:46:50.538Z"}
info: Server started at http://localhost:3000/api/v1/ {"timestamp":"2024-11-13T07:48:21.596Z"}
info: Connected to the database. {"timestamp":"2024-11-13T07:48:21.621Z"}
info: Server started at http://localhost:3000/api/v1/ {"timestamp":"2024-11-13T07:48:26.463Z"}
info: Connected to the database. {"timestamp":"2024-11-13T07:48:26.487Z"}
info: Server started at http://localhost:3000/api/v1/ {"timestamp":"2024-11-13T07:48:53.306Z"}
info: Connected to the database. {"timestamp":"2024-11-13T07:48:53.333Z"}
info: Server started at http://localhost:3000/api/v1/ {"timestamp":"2024-11-13T07:49:01.342Z"}
info: Connected to the database. {"timestamp":"2024-11-13T07:49:01.372Z"}
info: Server started at http://localhost:3000/api/v1/ {"timestamp":"2024-11-13T07:49:04.134Z"}
info: Connected to the database. {"timestamp":"2024-11-13T07:49:04.158Z"}
info: Server started at http://localhost:3000/api/v1/ {"timestamp":"2024-11-13T07:49:21.641Z"}
info: Connected to the database. {"timestamp":"2024-11-13T07:49:21.666Z"}
info: Server started at http://localhost:3000/api/v1/ {"timestamp":"2024-11-13T07:49:23.967Z"}
info: Connected to the database. {"timestamp":"2024-11-13T07:49:24.025Z"}
info: Server started at http://localhost:3000/api/v1/ {"timestamp":"2024-11-13T07:49:28.872Z"}
info: Connected to the database. {"timestamp":"2024-11-13T07:49:28.942Z"}
info: Server started at http://localhost:3000/api/v1/ {"timestamp":"2024-11-13T07:49:37.062Z"}
info: Connected to the database. {"timestamp":"2024-11-13T07:49:37.088Z"}
info: Server started at http://localhost:3000/api/v1/ {"timestamp":"2024-11-13T07:49:58.801Z"}
info: Connected to the database. {"timestamp":"2024-11-13T07:49:58.827Z"}
info: Server started at http://localhost:3000/api/v1/ {"timestamp":"2024-11-13T07:50:19.745Z"}
info: Connected to the database. {"timestamp":"2024-11-13T07:50:19.793Z"}
info: Server started at http://localhost:3000/api/v1/ {"timestamp":"2024-11-13T07:50:25.967Z"}
info: Connected to the database. {"timestamp":"2024-11-13T07:50:26.018Z"}
info: Server started at http://localhost:3000/api/v1/ {"timestamp":"2024-11-13T07:51:14.308Z"}
info: Connected to the database. {"timestamp":"2024-11-13T07:51:14.372Z"}
info: Server started at http://localhost:3000/api/v1/ {"timestamp":"2024-11-13T07:51:21.151Z"}
info: Connected to the database. {"timestamp":"2024-11-13T07:51:21.190Z"}
info: Server started at http://localhost:3000/api/v1/ {"timestamp":"2024-11-13T07:51:50.979Z"}
info: Connected to the database. {"timestamp":"2024-11-13T07:51:51.009Z"}
info: Server started at http://localhost:3000/api/v1/ {"timestamp":"2024-11-13T07:52:20.741Z"}
info: Connected to the database. {"timestamp":"2024-11-13T07:52:20.768Z"}
info: Server started at http://localhost:3000/api/v1/ {"timestamp":"2024-11-13T07:52:23.017Z"}
info: Connected to the database. {"timestamp":"2024-11-13T07:52:23.044Z"}
info: Server started at http://localhost:3000/api/v1/ {"timestamp":"2024-11-13T07:52:29.572Z"}
info: Connected to the database. {"timestamp":"2024-11-13T07:52:29.599Z"}
info: Server started at http://localhost:3000/api/v1/ {"timestamp":"2024-11-13T07:52:33.086Z"}
info: Connected to the database. {"timestamp":"2024-11-13T07:52:33.140Z"}
info: Server started at http://localhost:3000/api/v1/ {"timestamp":"2024-11-13T07:53:00.745Z"}
info: Connected to the database. {"timestamp":"2024-11-13T07:53:00.795Z"}
info: Server started at http://localhost:3000/api/v1/ {"timestamp":"2024-11-13T07:53:06.228Z"}
info: Connected to the database. {"timestamp":"2024-11-13T07:53:06.262Z"}
info: Server started at http://localhost:3000/api/v1/ {"timestamp":"2024-11-13T07:53:15.164Z"}
info: Connected to the database. {"timestamp":"2024-11-13T07:53:15.210Z"}
info: Server started at http://localhost:3000/api/v1/ {"timestamp":"2024-11-13T07:53:38.492Z"}
info: Connected to the database. {"timestamp":"2024-11-13T07:53:38.517Z"}
info: Server started at http://localhost:3000/api/v1/ {"timestamp":"2024-11-13T07:53:44.551Z"}
info: Connected to the database. {"timestamp":"2024-11-13T07:53:44.575Z"}
info: Server started at http://localhost:3000/api/v1/ {"timestamp":"2024-11-13T07:54:02.285Z"}
info: Connected to the database. {"timestamp":"2024-11-13T07:54:02.382Z"}
info: Server started at http://localhost:3000/api/v1/ {"timestamp":"2024-11-13T07:54:06.433Z"}
info: Connected to the database. {"timestamp":"2024-11-13T07:54:06.459Z"}
info: Server started at http://localhost:3000/api/v1/ {"timestamp":"2024-11-13T07:54:20.509Z"}
info: Connected to the database. {"timestamp":"2024-11-13T07:54:20.559Z"}
info: Server started at http://localhost:3000/api/v1/ {"timestamp":"2024-11-13T07:54:28.712Z"}
info: Connected to the database. {"timestamp":"2024-11-13T07:54:28.738Z"}
info: Server started at http://localhost:3000/api/v1/ {"timestamp":"2024-11-13T07:54:39.552Z"}
info: Connected to the database. {"timestamp":"2024-11-13T07:54:39.578Z"}
info: Server started at http://localhost:3000/api/v1/ {"timestamp":"2024-11-13T07:54:46.983Z"}
info: Connected to the database. {"timestamp":"2024-11-13T07:54:47.013Z"}
info: Server started at http://localhost:3000/api/v1/ {"timestamp":"2024-11-13T07:57:33.858Z"}
info: Connected to the database. {"timestamp":"2024-11-13T07:57:33.884Z"}
info: Server started at http://localhost:3000/api/v1/ {"timestamp":"2024-11-13T07:57:52.709Z"}
info: Connected to the database. {"timestamp":"2024-11-13T07:57:52.781Z"}
info: Server started at http://localhost:3000/api/v1/ {"timestamp":"2024-11-13T07:58:34.854Z"}
info: Connected to the database. {"timestamp":"2024-11-13T07:58:34.877Z"}
info: Server started at http://localhost:3000/api/v1/ {"timestamp":"2024-11-13T07:58:40.935Z"}
info: Connected to the database. {"timestamp":"2024-11-13T07:58:40.960Z"}
info: Server started at http://localhost:3000/api/v1/ {"timestamp":"2024-11-13T07:58:48.532Z"}
info: Connected to the database. {"timestamp":"2024-11-13T07:58:48.561Z"}
info: Server started at http://localhost:3000/api/v1/ {"timestamp":"2024-11-13T07:58:57.579Z"}
info: Connected to the database. {"timestamp":"2024-11-13T07:58:57.604Z"}
info: Server started at http://localhost:3000/api/v1/ {"timestamp":"2024-11-13T08:00:15.523Z"}
info: Connected to the database. {"timestamp":"2024-11-13T08:00:15.550Z"}
info: Server started at http://localhost:3000/api/v1/ {"timestamp":"2024-11-13T08:00:21.909Z"}
info: Connected to the database. {"timestamp":"2024-11-13T08:00:21.936Z"}
info: Server started at http://localhost:3000/api/v1/ {"timestamp":"2024-11-13T08:00:29.211Z"}
info: Connected to the database. {"timestamp":"2024-11-13T08:00:29.258Z"}
info: Server started at http://localhost:3000/api/v1/ {"timestamp":"2024-11-13T08:00:43.213Z"}
info: Connected to the database. {"timestamp":"2024-11-13T08:00:43.259Z"}
info: Server started at http://localhost:3000/api/v1/ {"timestamp":"2024-11-13T08:00:48.000Z"}
info: Connected to the database. {"timestamp":"2024-11-13T08:00:48.029Z"}
info: Server started at http://localhost:3000/api/v1/ {"timestamp":"2024-11-13T08:01:02.832Z"}
info: Connected to the database. {"timestamp":"2024-11-13T08:01:02.911Z"}
info: Server started at http://localhost:3000/api/v1/ {"timestamp":"2024-11-13T08:02:13.439Z"}
info: Connected to the database. {"timestamp":"2024-11-13T08:02:13.496Z"}
info: Server started at http://localhost:3000/api/v1/ {"timestamp":"2024-11-13T08:02:16.917Z"}
info: Connected to the database. {"timestamp":"2024-11-13T08:02:16.952Z"}
info: Server started at http://localhost:3000/api/v1/ {"timestamp":"2024-11-13T08:02:36.900Z"}
info: Connected to the database. {"timestamp":"2024-11-13T08:02:36.948Z"}
info: Server started at http://localhost:3000/api/v1/ {"timestamp":"2024-11-13T08:02:51.899Z"}
info: Connected to the database. {"timestamp":"2024-11-13T08:02:51.935Z"}
info: Server started at http://localhost:3000/api/v1/ {"timestamp":"2024-11-13T08:02:53.918Z"}
info: Connected to the database. {"timestamp":"2024-11-13T08:02:53.944Z"}
info: Server started at http://localhost:3000/api/v1/ {"timestamp":"2024-11-13T08:03:05.887Z"}
info: Connected to the database. {"timestamp":"2024-11-13T08:03:05.913Z"}
info: Server started at http://localhost:3000/api/v1/ {"timestamp":"2024-11-13T08:04:01.572Z"}
info: Connected to the database. {"timestamp":"2024-11-13T08:04:01.598Z"}
info: Server started at http://localhost:3000/api/v1/ {"timestamp":"2024-11-13T08:04:27.229Z"}
info: Connected to the database. {"timestamp":"2024-11-13T08:04:27.283Z"}
info: Server started at http://localhost:3000/api/v1/ {"timestamp":"2024-11-13T08:05:11.049Z"}
info: Connected to the database. {"timestamp":"2024-11-13T08:05:11.103Z"}
info: Server started at http://localhost:3000/api/v1/ {"timestamp":"2024-11-13T08:05:18.690Z"}
info: Connected to the database. {"timestamp":"2024-11-13T08:05:18.718Z"}
info: Server started at http://localhost:3000/api/v1/ {"timestamp":"2024-11-13T08:06:32.585Z"}
info: Connected to the database. {"timestamp":"2024-11-13T08:06:32.617Z"}
info: Server started at http://localhost:3000/api/v1/ {"timestamp":"2024-11-13T08:06:39.025Z"}
info: Connected to the database. {"timestamp":"2024-11-13T08:06:39.079Z"}
info: Server started at http://localhost:3000/api/v1/ {"timestamp":"2024-11-13T08:06:46.835Z"}
info: Connected to the database. {"timestamp":"2024-11-13T08:06:46.865Z"}
info: Server started at http://localhost:3000/api/v1/ {"timestamp":"2024-11-13T08:06:51.826Z"}
info: Connected to the database. {"timestamp":"2024-11-13T08:06:51.875Z"}
info: Server started at http://localhost:3000/api/v1/ {"timestamp":"2024-11-13T08:06:58.802Z"}
info: Connected to the database. {"timestamp":"2024-11-13T08:06:58.826Z"}
info: Server started at http://localhost:3000/api/v1/ {"timestamp":"2024-11-13T08:07:10.486Z"}
info: Connected to the database. {"timestamp":"2024-11-13T08:07:10.512Z"}
info: Server started at http://localhost:3000/api/v1/ {"timestamp":"2024-11-13T08:07:20.827Z"}
info: Connected to the database. {"timestamp":"2024-11-13T08:07:20.852Z"}
info: Server started at http://localhost:3000/api/v1/ {"timestamp":"2024-11-13T08:08:24.446Z"}
info: Connected to the database. {"timestamp":"2024-11-13T08:08:24.474Z"}
info: Server started at http://localhost:3000/api/v1/ {"timestamp":"2024-11-13T08:08:35.037Z"}
info: Connected to the database. {"timestamp":"2024-11-13T08:08:35.066Z"}
info: Server started at http://localhost:3000/api/v1/ {"timestamp":"2024-11-13T08:08:46.238Z"}
info: Connected to the database. {"timestamp":"2024-11-13T08:08:46.309Z"}
info: Server started at http://localhost:3000/api/v1/ {"timestamp":"2024-11-13T08:08:50.283Z"}
info: Connected to the database. {"timestamp":"2024-11-13T08:08:50.330Z"}
info: Server started at http://localhost:3000/api/v1/ {"timestamp":"2024-11-13T08:08:58.725Z"}
info: Connected to the database. {"timestamp":"2024-11-13T08:08:58.785Z"}
info: Server started at http://localhost:3000/api/v1/ {"timestamp":"2024-11-13T08:09:02.466Z"}
info: Connected to the database. {"timestamp":"2024-11-13T08:09:02.495Z"}
info: Server started at http://localhost:3000/api/v1/ {"timestamp":"2024-11-13T08:09:05.289Z"}
info: Connected to the database. {"timestamp":"2024-11-13T08:09:05.315Z"}
info: Server started at http://localhost:3000/api/v1/ {"timestamp":"2024-11-13T08:09:08.231Z"}
info: Connected to the database. {"timestamp":"2024-11-13T08:09:08.267Z"}
info: Server started at http://localhost:3000/api/v1/ {"timestamp":"2024-11-13T08:09:22.581Z"}
info: Connected to the database. {"timestamp":"2024-11-13T08:09:22.607Z"}
info: Server started at http://localhost:3000/api/v1/ {"timestamp":"2024-11-13T08:09:31.674Z"}
info: Connected to the database. {"timestamp":"2024-11-13T08:09:31.700Z"}
info: Server started at http://localhost:3000/api/v1/ {"timestamp":"2024-11-13T08:10:27.601Z"}
info: Connected to the database. {"timestamp":"2024-11-13T08:10:27.624Z"}
info: Server started at http://localhost:3000/api/v1/ {"timestamp":"2024-11-13T08:11:01.389Z"}
info: Connected to the database. {"timestamp":"2024-11-13T08:11:01.417Z"}
info: Server started at http://localhost:3000/api/v1/ {"timestamp":"2024-11-13T08:11:04.220Z"}
info: Connected to the database. {"timestamp":"2024-11-13T08:11:04.246Z"}
info: Server started at http://localhost:3000/api/v1/ {"timestamp":"2024-11-13T08:11:06.940Z"}
info: Connected to the database. {"timestamp":"2024-11-13T08:11:06.962Z"}
info: Server started at http://localhost:3000/api/v1/ {"timestamp":"2024-11-13T08:59:28.448Z"}
info: Connected to the database. {"timestamp":"2024-11-13T08:59:28.509Z"}
error: 
    status - 500 
    message - SyntaxError: Expected double-quoted property name in JSON at position 147
    at JSON.parse (<anonymous>)
    at parse (E:\Project1\FundDoNotes\node_modules\body-parser\lib\types\json.js:92:19)
    at E:\Project1\FundDoNotes\node_modules\body-parser\lib\read.js:128:18
    at AsyncResource.runInAsyncScope (node:async_hooks:206:9)
    at invokeCallback (E:\Project1\FundDoNotes\node_modules\raw-body\index.js:238:16)
    at done (E:\Project1\FundDoNotes\node_modules\raw-body\index.js:227:7)
    at IncomingMessage.onEnd (E:\Project1\FundDoNotes\node_modules\raw-body\index.js:287:7)
    at IncomingMessage.emit (node:events:519:28)
    at endReadableNT (node:internal/streams/readable:1696:12)
    at processTicksAndRejections (node:internal/process/task_queues:82:21) 
    url - /api/v1/funddonotes/user/register 
    method - POST 
    IP - ::1
   {"timestamp":"2024-11-13T09:00:01.007Z"}
error: 
    status - 500 
    message - SyntaxError: Expected double-quoted property name in JSON at position 76
    at JSON.parse (<anonymous>)
    at parse (E:\Project1\FundDoNotes\node_modules\body-parser\lib\types\json.js:92:19)
    at E:\Project1\FundDoNotes\node_modules\body-parser\lib\read.js:128:18
    at AsyncResource.runInAsyncScope (node:async_hooks:206:9)
    at invokeCallback (E:\Project1\FundDoNotes\node_modules\raw-body\index.js:238:16)
    at done (E:\Project1\FundDoNotes\node_modules\raw-body\index.js:227:7)
    at IncomingMessage.onEnd (E:\Project1\FundDoNotes\node_modules\raw-body\index.js:287:7)
    at IncomingMessage.emit (node:events:519:28)
    at endReadableNT (node:internal/streams/readable:1696:12)
    at processTicksAndRejections (node:internal/process/task_queues:82:21) 
    url - /api/v1/funddonotes/user/forgotpassword 
    method - POST 
    IP - ::1
   {"timestamp":"2024-11-13T09:01:15.463Z"}
error: 
    status - 500 
    message - SyntaxError: Expected ',' or '}' after property value in JSON at position 64
    at JSON.parse (<anonymous>)
    at parse (E:\Project1\FundDoNotes\node_modules\body-parser\lib\types\json.js:92:19)
    at E:\Project1\FundDoNotes\node_modules\body-parser\lib\read.js:128:18
    at AsyncResource.runInAsyncScope (node:async_hooks:206:9)
    at invokeCallback (E:\Project1\FundDoNotes\node_modules\raw-body\index.js:238:16)
    at done (E:\Project1\FundDoNotes\node_modules\raw-body\index.js:227:7)
    at IncomingMessage.onEnd (E:\Project1\FundDoNotes\node_modules\raw-body\index.js:287:7)
    at IncomingMessage.emit (node:events:519:28)
    at endReadableNT (node:internal/streams/readable:1696:12)
    at processTicksAndRejections (node:internal/process/task_queues:82:21) 
    url - /api/v1/funddonotes/user/resetpassword 
    method - POST 
    IP - ::1
   {"timestamp":"2024-11-13T09:01:34.794Z"}
info: Server started at http://localhost:3000/api/v1/ {"timestamp":"2024-11-13T09:07:34.516Z"}
info: Connected to the database. {"timestamp":"2024-11-13T09:07:34.585Z"}
info: Server started at http://localhost:3000/api/v1/ {"timestamp":"2024-11-13T09:09:39.586Z"}
info: Connected to the database. {"timestamp":"2024-11-13T09:09:39.610Z"}
info: Server started at http://localhost:3000/api/v1/ {"timestamp":"2024-11-13T09:10:21.605Z"}
info: Connected to the database. {"timestamp":"2024-11-13T09:10:21.631Z"}
info: Server started at http://localhost:3000/api/v1/ {"timestamp":"2024-11-13T09:10:41.385Z"}
info: Connected to the database. {"timestamp":"2024-11-13T09:10:41.408Z"}
info: Server started at http://localhost:3000/api/v1/ {"timestamp":"2024-11-13T09:10:43.277Z"}
info: Connected to the database. {"timestamp":"2024-11-13T09:10:43.326Z"}
info: Server started at http://localhost:3000/api/v1/ {"timestamp":"2024-11-13T09:10:50.106Z"}
info: Connected to the database. {"timestamp":"2024-11-13T09:10:50.138Z"}
info: Server started at http://localhost:3000/api/v1/ {"timestamp":"2024-11-13T09:11:57.005Z"}
info: Connected to the database. {"timestamp":"2024-11-13T09:11:57.031Z"}
info: Server started at http://localhost:3000/api/v1/ {"timestamp":"2024-11-13T09:16:13.290Z"}
info: Connected to the database. {"timestamp":"2024-11-13T09:16:13.364Z"}
info: Server started at http://localhost:3000/api/v1/ {"timestamp":"2024-11-13T09:16:44.414Z"}
info: Connected to the database. {"timestamp":"2024-11-13T09:16:44.437Z"}
info: Server started at http://localhost:3000/api/v1/ {"timestamp":"2024-11-13T09:16:47.814Z"}
info: Connected to the database. {"timestamp":"2024-11-13T09:16:47.905Z"}
info: Server started at http://localhost:3000/api/v1/ {"timestamp":"2024-11-13T09:16:53.399Z"}
info: Connected to the database. {"timestamp":"2024-11-13T09:16:53.442Z"}
info: Server started at http://localhost:3000/api/v1/ {"timestamp":"2024-11-13T09:17:01.335Z"}
info: Connected to the database. {"timestamp":"2024-11-13T09:17:01.383Z"}
info: Server started at http://localhost:3000/api/v1/ {"timestamp":"2024-11-13T09:17:05.287Z"}
info: Connected to the database. {"timestamp":"2024-11-13T09:17:05.314Z"}
info: Server started at http://localhost:3000/api/v1/ {"timestamp":"2024-11-13T09:17:12.477Z"}
info: Connected to the database. {"timestamp":"2024-11-13T09:17:12.502Z"}
info: Server started at http://localhost:3000/api/v1/ {"timestamp":"2024-11-13T09:17:27.075Z"}
info: Connected to the database. {"timestamp":"2024-11-13T09:17:27.098Z"}
info: Server started at http://localhost:3000/api/v1/ {"timestamp":"2024-11-13T09:17:30.474Z"}
info: Connected to the database. {"timestamp":"2024-11-13T09:17:30.502Z"}
info: Server started at http://localhost:3000/api/v1/ {"timestamp":"2024-11-13T09:17:32.918Z"}
info: Connected to the database. {"timestamp":"2024-11-13T09:17:32.971Z"}
info: Server started at http://localhost:3000/api/v1/ {"timestamp":"2024-11-13T09:17:36.889Z"}
info: Connected to the database. {"timestamp":"2024-11-13T09:17:36.924Z"}
info: Server started at http://localhost:3000/api/v1/ {"timestamp":"2024-11-13T09:17:39.892Z"}
info: Connected to the database. {"timestamp":"2024-11-13T09:17:39.924Z"}
info: Server started at http://localhost:3000/api/v1/ {"timestamp":"2024-11-13T09:17:45.863Z"}
info: Connected to the database. {"timestamp":"2024-11-13T09:17:45.949Z"}
info: Server started at http://localhost:3000/api/v1/ {"timestamp":"2024-11-13T09:18:23.380Z"}
info: Connected to the database. {"timestamp":"2024-11-13T09:18:23.457Z"}
info: Server started at http://localhost:3000/api/v1/ {"timestamp":"2024-11-13T09:18:26.330Z"}
info: Connected to the database. {"timestamp":"2024-11-13T09:18:26.359Z"}
info: Server started at http://localhost:3000/api/v1/ {"timestamp":"2024-11-13T09:18:29.032Z"}
info: Connected to the database. {"timestamp":"2024-11-13T09:18:29.138Z"}
info: Server started at http://localhost:3000/api/v1/ {"timestamp":"2024-11-13T09:18:36.826Z"}
info: Connected to the database. {"timestamp":"2024-11-13T09:18:36.875Z"}
info: Server started at http://localhost:3000/api/v1/ {"timestamp":"2024-11-13T09:18:46.824Z"}
info: Connected to the database. {"timestamp":"2024-11-13T09:18:46.850Z"}
info: Server started at http://localhost:3000/api/v1/ {"timestamp":"2024-11-13T09:18:55.710Z"}
info: Connected to the database. {"timestamp":"2024-11-13T09:18:55.752Z"}
info: Server started at http://localhost:3000/api/v1/ {"timestamp":"2024-11-13T09:21:03.561Z"}
info: Connected to the database. {"timestamp":"2024-11-13T09:21:03.587Z"}
info: Server started at http://localhost:3000/api/v1/ {"timestamp":"2024-11-13T09:21:15.454Z"}
info: Connected to the database. {"timestamp":"2024-11-13T09:21:15.480Z"}
info: Server started at http://localhost:3000/api/v1/ {"timestamp":"2024-11-13T09:21:22.039Z"}
info: Connected to the database. {"timestamp":"2024-11-13T09:21:22.071Z"}
info: Server started at http://localhost:3000/api/v1/ {"timestamp":"2024-11-13T09:22:04.053Z"}
info: Connected to the database. {"timestamp":"2024-11-13T09:22:04.088Z"}
info: Server started at http://localhost:3000/api/v1/ {"timestamp":"2024-11-13T09:22:06.744Z"}
info: Connected to the database. {"timestamp":"2024-11-13T09:22:06.771Z"}
info: Server started at http://localhost:3000/api/v1/ {"timestamp":"2024-11-13T09:22:08.802Z"}
info: Connected to the database. {"timestamp":"2024-11-13T09:22:08.833Z"}
info: Server started at http://localhost:3000/api/v1/ {"timestamp":"2024-11-13T09:23:25.382Z"}
info: Connected to the database. {"timestamp":"2024-11-13T09:23:25.408Z"}
info: Server started at http://localhost:3000/api/v1/ {"timestamp":"2024-11-13T09:23:30.435Z"}
info: Connected to the database. {"timestamp":"2024-11-13T09:23:30.459Z"}
info: Server started at http://localhost:3000/api/v1/ {"timestamp":"2024-11-13T09:23:37.932Z"}
info: Connected to the database. {"timestamp":"2024-11-13T09:23:37.958Z"}
info: Server started at http://localhost:3000/api/v1/ {"timestamp":"2024-11-13T09:23:42.279Z"}
info: Connected to the database. {"timestamp":"2024-11-13T09:23:42.304Z"}
info: Server started at http://localhost:3000/api/v1/ {"timestamp":"2024-11-13T09:24:09.429Z"}
info: Connected to the database. {"timestamp":"2024-11-13T09:24:09.482Z"}
info: Server started at http://localhost:3000/api/v1/ {"timestamp":"2024-11-13T09:24:13.246Z"}
info: Connected to the database. {"timestamp":"2024-11-13T09:24:13.271Z"}
info: Server started at http://localhost:3000/api/v1/ {"timestamp":"2024-11-13T09:24:16.286Z"}
info: Connected to the database. {"timestamp":"2024-11-13T09:24:16.315Z"}
info: Server started at http://localhost:3000/api/v1/ {"timestamp":"2024-11-13T09:25:43.005Z"}
info: Connected to the database. {"timestamp":"2024-11-13T09:25:43.036Z"}
info: Server started at http://localhost:3000/api/v1/ {"timestamp":"2024-11-13T09:25:54.656Z"}
info: Connected to the database. {"timestamp":"2024-11-13T09:25:54.728Z"}
info: Server started at http://localhost:3000/api/v1/ {"timestamp":"2024-11-13T09:28:17.736Z"}
info: Connected to the database. {"timestamp":"2024-11-13T09:28:17.767Z"}
info: Server started at http://localhost:3000/api/v1/ {"timestamp":"2024-11-13T09:29:17.361Z"}
info: Connected to the database. {"timestamp":"2024-11-13T09:29:17.386Z"}
info: Server started at http://localhost:3000/api/v1/ {"timestamp":"2024-11-13T09:29:19.930Z"}
info: Connected to the database. {"timestamp":"2024-11-13T09:29:19.963Z"}
info: Server started at http://localhost:3000/api/v1/ {"timestamp":"2024-11-13T09:29:29.698Z"}
info: Connected to the database. {"timestamp":"2024-11-13T09:29:29.747Z"}
info: Server started at http://localhost:3000/api/v1/ {"timestamp":"2024-11-13T09:29:51.817Z"}
info: Connected to the database. {"timestamp":"2024-11-13T09:29:51.844Z"}
info: Server started at http://localhost:3000/api/v1/ {"timestamp":"2024-11-13T09:29:55.492Z"}
info: Connected to the database. {"timestamp":"2024-11-13T09:29:55.544Z"}
info: Server started at http://localhost:3000/api/v1/ {"timestamp":"2024-11-13T09:30:02.902Z"}
info: Connected to the database. {"timestamp":"2024-11-13T09:30:02.929Z"}
info: Server started at http://localhost:3000/api/v1/ {"timestamp":"2024-11-13T09:30:07.602Z"}
info: Connected to the database. {"timestamp":"2024-11-13T09:30:07.669Z"}
info: Server started at http://localhost:3000/api/v1/ {"timestamp":"2024-11-13T09:30:10.976Z"}
info: Connected to the database. {"timestamp":"2024-11-13T09:30:11.029Z"}
info: Server started at http://localhost:3000/api/v1/ {"timestamp":"2024-11-13T09:30:14.572Z"}
info: Connected to the database. {"timestamp":"2024-11-13T09:30:14.606Z"}
info: Server started at http://localhost:3000/api/v1/ {"timestamp":"2024-11-13T09:30:18.933Z"}
info: Connected to the database. {"timestamp":"2024-11-13T09:30:19.001Z"}
info: Server started at http://localhost:3000/api/v1/ {"timestamp":"2024-11-13T09:30:32.002Z"}
info: Connected to the database. {"timestamp":"2024-11-13T09:30:32.064Z"}
info: Server started at http://localhost:3000/api/v1/ {"timestamp":"2024-11-13T09:30:45.295Z"}
info: Connected to the database. {"timestamp":"2024-11-13T09:30:45.348Z"}
info: Server started at http://localhost:3000/api/v1/ {"timestamp":"2024-11-13T09:31:04.176Z"}
info: Connected to the database. {"timestamp":"2024-11-13T09:31:04.202Z"}
info: Server started at http://localhost:3000/api/v1/ {"timestamp":"2024-11-13T09:32:13.745Z"}
info: Connected to the database. {"timestamp":"2024-11-13T09:32:13.769Z"}
info: Server started at http://localhost:3000/api/v1/ {"timestamp":"2024-11-13T09:32:20.484Z"}
info: Connected to the database. {"timestamp":"2024-11-13T09:32:20.520Z"}
info: Server started at http://localhost:3000/api/v1/ {"timestamp":"2024-11-13T09:32:23.409Z"}
info: Connected to the database. {"timestamp":"2024-11-13T09:32:23.469Z"}
info: Server started at http://localhost:3000/api/v1/ {"timestamp":"2024-11-13T09:32:29.282Z"}
info: Connected to the database. {"timestamp":"2024-11-13T09:32:29.341Z"}
info: Server started at http://localhost:3000/api/v1/ {"timestamp":"2024-11-13T09:32:40.895Z"}
info: Connected to the database. {"timestamp":"2024-11-13T09:32:40.927Z"}
info: Server started at http://localhost:3000/api/v1/ {"timestamp":"2024-11-13T09:32:44.098Z"}
info: Connected to the database. {"timestamp":"2024-11-13T09:32:44.145Z"}
info: Server started at http://localhost:3000/api/v1/ {"timestamp":"2024-11-13T09:32:47.667Z"}
info: Connected to the database. {"timestamp":"2024-11-13T09:32:47.690Z"}
info: Server started at http://localhost:3000/api/v1/ {"timestamp":"2024-11-13T09:32:50.746Z"}
info: Connected to the database. {"timestamp":"2024-11-13T09:32:50.780Z"}
info: Server started at http://localhost:3000/api/v1/ {"timestamp":"2024-11-13T09:32:54.635Z"}
info: Connected to the database. {"timestamp":"2024-11-13T09:32:54.696Z"}
info: Server started at http://localhost:3000/api/v1/ {"timestamp":"2024-11-13T09:32:59.106Z"}
info: Connected to the database. {"timestamp":"2024-11-13T09:32:59.130Z"}
info: Server started at http://localhost:3000/api/v1/ {"timestamp":"2024-11-13T09:33:03.243Z"}
info: Connected to the database. {"timestamp":"2024-11-13T09:33:03.290Z"}
info: Server started at http://localhost:3000/api/v1/ {"timestamp":"2024-11-13T09:33:40.211Z"}
info: Connected to the database. {"timestamp":"2024-11-13T09:33:40.412Z"}
info: Server started at http://localhost:3000/api/v1/ {"timestamp":"2024-11-13T09:33:45.740Z"}
info: Connected to the database. {"timestamp":"2024-11-13T09:33:45.810Z"}
info: Server started at http://localhost:3000/api/v1/ {"timestamp":"2024-11-13T09:34:03.468Z"}
info: Connected to the database. {"timestamp":"2024-11-13T09:34:03.502Z"}
info: Server started at http://localhost:3000/api/v1/ {"timestamp":"2024-11-13T09:34:13.501Z"}
info: Connected to the database. {"timestamp":"2024-11-13T09:34:13.561Z"}
info: Server started at http://localhost:3000/api/v1/ {"timestamp":"2024-11-13T09:34:22.351Z"}
info: Connected to the database. {"timestamp":"2024-11-13T09:34:22.422Z"}
info: Server started at http://localhost:3000/api/v1/ {"timestamp":"2024-11-13T09:34:29.455Z"}
info: Connected to the database. {"timestamp":"2024-11-13T09:34:29.515Z"}
info: Server started at http://localhost:3000/api/v1/ {"timestamp":"2024-11-13T09:34:44.196Z"}
info: Connected to the database. {"timestamp":"2024-11-13T09:34:44.222Z"}
info: Server started at http://localhost:3000/api/v1/ {"timestamp":"2024-11-13T09:34:50.683Z"}
info: Connected to the database. {"timestamp":"2024-11-13T09:34:50.774Z"}
info: Server started at http://localhost:3000/api/v1/ {"timestamp":"2024-11-13T09:35:26.061Z"}
info: Connected to the database. {"timestamp":"2024-11-13T09:35:26.147Z"}
info: Server started at http://localhost:3000/api/v1/ {"timestamp":"2024-11-13T09:35:42.677Z"}
info: Connected to the database. {"timestamp":"2024-11-13T09:35:42.705Z"}
info: Server started at http://localhost:3000/api/v1/ {"timestamp":"2024-11-13T09:35:45.651Z"}
info: Connected to the database. {"timestamp":"2024-11-13T09:35:45.699Z"}
info: Server started at http://localhost:3000/api/v1/ {"timestamp":"2024-11-13T09:36:00.716Z"}
info: Connected to the database. {"timestamp":"2024-11-13T09:36:00.746Z"}
info: Server started at http://localhost:3000/api/v1/ {"timestamp":"2024-11-13T09:36:04.572Z"}
info: Connected to the database. {"timestamp":"2024-11-13T09:36:04.600Z"}
info: Server started at http://localhost:3000/api/v1/ {"timestamp":"2024-11-13T09:42:28.172Z"}
info: Connected to the database. {"timestamp":"2024-11-13T09:42:28.231Z"}
info: Server started at http://localhost:3000/api/v1/ {"timestamp":"2024-11-13T09:42:33.474Z"}
info: Connected to the database. {"timestamp":"2024-11-13T09:42:33.503Z"}
info: Server started at http://localhost:3000/api/v1/ {"timestamp":"2024-11-13T09:42:39.907Z"}
info: Connected to the database. {"timestamp":"2024-11-13T09:42:39.961Z"}
info: Server started at http://localhost:3000/api/v1/ {"timestamp":"2024-11-13T09:42:55.172Z"}
info: Connected to the database. {"timestamp":"2024-11-13T09:42:55.228Z"}
info: Server started at http://localhost:3000/api/v1/ {"timestamp":"2024-11-13T09:46:44.897Z"}
info: Connected to the database. {"timestamp":"2024-11-13T09:46:44.978Z"}
info: Server started at http://localhost:3000/api/v1/ {"timestamp":"2024-11-13T09:48:08.578Z"}
info: Connected to the database. {"timestamp":"2024-11-13T09:48:08.632Z"}
info: Server started at http://localhost:3000/api/v1/ {"timestamp":"2024-11-13T09:48:35.535Z"}
info: Connected to the database. {"timestamp":"2024-11-13T09:48:35.564Z"}
info: Server started at http://localhost:3000/api/v1/ {"timestamp":"2024-11-13T09:49:03.270Z"}
info: Connected to the database. {"timestamp":"2024-11-13T09:49:03.337Z"}
info: Server started at http://localhost:3000/api/v1/ {"timestamp":"2024-11-13T09:49:07.252Z"}
info: Connected to the database. {"timestamp":"2024-11-13T09:49:07.305Z"}
info: Server started at http://localhost:3000/api/v1/ {"timestamp":"2024-11-13T09:49:20.944Z"}
info: Connected to the database. {"timestamp":"2024-11-13T09:49:21.025Z"}
info: Server started at http://localhost:3000/api/v1/ {"timestamp":"2024-11-13T09:50:28.266Z"}
info: Connected to the database. {"timestamp":"2024-11-13T09:50:28.337Z"}
info: Server started at http://localhost:3000/api/v1/ {"timestamp":"2024-11-13T09:50:34.963Z"}
info: Connected to the database. {"timestamp":"2024-11-13T09:50:35.032Z"}
info: Server started at http://localhost:3000/api/v1/ {"timestamp":"2024-11-13T09:50:53.400Z"}
info: Connected to the database. {"timestamp":"2024-11-13T09:50:53.452Z"}
info: Server started at http://localhost:3000/api/v1/ {"timestamp":"2024-11-13T09:51:04.552Z"}
info: Connected to the database. {"timestamp":"2024-11-13T09:51:04.614Z"}
info: Server started at http://localhost:3000/api/v1/ {"timestamp":"2024-11-13T09:52:20.834Z"}
info: Connected to the database. {"timestamp":"2024-11-13T09:52:20.891Z"}
info: Server started at http://localhost:3000/api/v1/ {"timestamp":"2024-11-13T09:52:24.998Z"}
info: Connected to the database. {"timestamp":"2024-11-13T09:52:25.049Z"}
info: Server started at http://localhost:3000/api/v1/ {"timestamp":"2024-11-13T09:52:33.778Z"}
info: Connected to the database. {"timestamp":"2024-11-13T09:52:33.803Z"}
info: Server started at http://localhost:3000/api/v1/ {"timestamp":"2024-11-13T09:52:45.982Z"}
info: Connected to the database. {"timestamp":"2024-11-13T09:52:46.065Z"}
info: Server started at http://localhost:3000/api/v1/ {"timestamp":"2024-11-13T09:52:50.083Z"}
info: Connected to the database. {"timestamp":"2024-11-13T09:52:50.157Z"}
info: Server started at http://localhost:3000/api/v1/ {"timestamp":"2024-11-13T09:53:42.407Z"}
info: Connected to the database. {"timestamp":"2024-11-13T09:53:42.433Z"}
info: Server started at http://localhost:3000/api/v1/ {"timestamp":"2024-11-13T09:53:58.705Z"}
info: Connected to the database. {"timestamp":"2024-11-13T09:53:58.763Z"}
info: Server started at http://localhost:3000/api/v1/ {"timestamp":"2024-11-13T09:54:09.683Z"}
info: Connected to the database. {"timestamp":"2024-11-13T09:54:09.736Z"}
info: Server started at http://localhost:3000/api/v1/ {"timestamp":"2024-11-13T09:54:13.726Z"}
info: Connected to the database. {"timestamp":"2024-11-13T09:54:13.782Z"}
info: Server started at http://localhost:3000/api/v1/ {"timestamp":"2024-11-13T09:54:17.616Z"}
info: Connected to the database. {"timestamp":"2024-11-13T09:54:17.685Z"}
info: Server started at http://localhost:3000/api/v1/ {"timestamp":"2024-11-13T09:54:21.395Z"}
info: Connected to the database. {"timestamp":"2024-11-13T09:54:21.449Z"}
info: Server started at http://localhost:3000/api/v1/ {"timestamp":"2024-11-13T09:54:28.648Z"}
info: Connected to the database. {"timestamp":"2024-11-13T09:54:28.701Z"}
info: Server started at http://localhost:3000/api/v1/ {"timestamp":"2024-11-13T09:54:46.867Z"}
info: Connected to the database. {"timestamp":"2024-11-13T09:54:46.900Z"}
info: Server started at http://localhost:3000/api/v1/ {"timestamp":"2024-11-13T09:55:18.129Z"}
info: Connected to the database. {"timestamp":"2024-11-13T09:55:18.182Z"}
info: Server started at http://localhost:3000/api/v1/ {"timestamp":"2024-11-13T09:55:26.774Z"}
info: Connected to the database. {"timestamp":"2024-11-13T09:55:26.840Z"}
info: Server started at http://localhost:3000/api/v1/ {"timestamp":"2024-11-13T09:56:18.045Z"}
info: Connected to the database. {"timestamp":"2024-11-13T09:56:18.107Z"}
info: Server started at http://localhost:3000/api/v1/ {"timestamp":"2024-11-13T09:56:28.958Z"}
info: Connected to the database. {"timestamp":"2024-11-13T09:56:29.000Z"}
info: Server started at http://localhost:3000/api/v1/ {"timestamp":"2024-11-13T09:56:32.501Z"}
info: Connected to the database. {"timestamp":"2024-11-13T09:56:32.584Z"}
info: Server started at http://localhost:3000/api/v1/ {"timestamp":"2024-11-13T09:56:44.653Z"}
info: Connected to the database. {"timestamp":"2024-11-13T09:56:44.681Z"}
info: Server started at http://localhost:3000/api/v1/ {"timestamp":"2024-11-13T09:56:54.115Z"}
info: Connected to the database. {"timestamp":"2024-11-13T09:56:54.145Z"}
info: Server started at http://localhost:3000/api/v1/ {"timestamp":"2024-11-13T09:57:00.124Z"}
info: Connected to the database. {"timestamp":"2024-11-13T09:57:00.181Z"}
info: Server started at http://localhost:3000/api/v1/ {"timestamp":"2024-11-13T09:57:07.745Z"}
info: Connected to the database. {"timestamp":"2024-11-13T09:57:07.810Z"}
info: Server started at http://localhost:3000/api/v1/ {"timestamp":"2024-11-13T09:57:11.193Z"}
info: Connected to the database. {"timestamp":"2024-11-13T09:57:11.250Z"}
info: Server started at http://localhost:3000/api/v1/ {"timestamp":"2024-11-13T09:57:16.492Z"}
info: Connected to the database. {"timestamp":"2024-11-13T09:57:16.546Z"}
info: Server started at http://localhost:3000/api/v1/ {"timestamp":"2024-11-13T09:57:26.916Z"}
info: Connected to the database. {"timestamp":"2024-11-13T09:57:26.957Z"}
info: Server started at http://localhost:3000/api/v1/ {"timestamp":"2024-11-13T09:57:29.876Z"}
info: Connected to the database. {"timestamp":"2024-11-13T09:57:29.925Z"}
info: Server started at http://localhost:3000/api/v1/ {"timestamp":"2024-11-13T09:57:49.737Z"}
info: Connected to the database. {"timestamp":"2024-11-13T09:57:49.788Z"}
info: Server started at http://localhost:3000/api/v1/ {"timestamp":"2024-11-13T09:57:56.010Z"}
info: Connected to the database. {"timestamp":"2024-11-13T09:57:56.057Z"}
info: Server started at http://localhost:3000/api/v1/ {"timestamp":"2024-11-13T09:57:59.586Z"}
info: Connected to the database. {"timestamp":"2024-11-13T09:57:59.637Z"}
info: Server started at http://localhost:3000/api/v1/ {"timestamp":"2024-11-13T09:58:22.547Z"}
info: Connected to the database. {"timestamp":"2024-11-13T09:58:22.585Z"}
info: Server started at http://localhost:3000/api/v1/ {"timestamp":"2024-11-13T10:00:42.525Z"}
info: Connected to the database. {"timestamp":"2024-11-13T10:00:42.575Z"}
info: Server started at http://localhost:3000/api/v1/ {"timestamp":"2024-11-13T10:08:09.737Z"}
info: Connected to the database. {"timestamp":"2024-11-13T10:08:09.900Z"}
info: Server started at http://localhost:3000/api/v1/ {"timestamp":"2024-11-13T10:23:25.778Z"}
info: Connected to the database. {"timestamp":"2024-11-13T10:23:25.838Z"}
info: Server started at http://localhost:3000/api/v1/ {"timestamp":"2024-11-13T10:24:04.795Z"}
info: Connected to the database. {"timestamp":"2024-11-13T10:24:04.844Z"}
info: Server started at http://localhost:3000/api/v1/ {"timestamp":"2024-11-13T10:24:12.420Z"}
info: Connected to the database. {"timestamp":"2024-11-13T10:24:12.480Z"}
info: Server started at http://localhost:3000/api/v1/ {"timestamp":"2024-11-13T10:24:22.510Z"}
info: Connected to the database. {"timestamp":"2024-11-13T10:24:22.558Z"}
info: Server started at http://localhost:3000/api/v1/ {"timestamp":"2024-11-13T12:08:55.475Z"}
info: Connected to the database. {"timestamp":"2024-11-13T12:08:55.511Z"}
info: Server started at http://localhost:3000/api/v1/ {"timestamp":"2024-11-13T12:09:22.193Z"}
info: Connected to the database. {"timestamp":"2024-11-13T12:09:22.234Z"}
info: Server started at http://localhost:3000/api/v1/ {"timestamp":"2024-11-13T12:09:30.019Z"}
info: Connected to the database. {"timestamp":"2024-11-13T12:09:30.053Z"}
info: Server started at http://localhost:3000/api/v1/ {"timestamp":"2024-11-13T12:09:51.744Z"}
info: Connected to the database. {"timestamp":"2024-11-13T12:09:51.769Z"}
info: Server started at http://localhost:3000/api/v1/ {"timestamp":"2024-11-13T12:12:44.825Z"}
info: Connected to the database. {"timestamp":"2024-11-13T12:12:44.855Z"}
info: Server started at http://localhost:3000/api/v1/ {"timestamp":"2024-11-13T12:12:48.550Z"}
info: Connected to the database. {"timestamp":"2024-11-13T12:12:48.602Z"}
info: Server started at http://localhost:3000/api/v1/ {"timestamp":"2024-11-13T12:13:52.614Z"}
info: Connected to the database. {"timestamp":"2024-11-13T12:13:52.668Z"}
info: Server started at http://localhost:3000/api/v1/ {"timestamp":"2024-11-13T12:14:13.688Z"}
info: Connected to the database. {"timestamp":"2024-11-13T12:14:13.714Z"}
info: Server started at http://localhost:3000/api/v1/ {"timestamp":"2024-11-13T12:14:18.104Z"}
info: Connected to the database. {"timestamp":"2024-11-13T12:14:18.165Z"}
info: Server started at http://localhost:3000/api/v1/ {"timestamp":"2024-11-13T12:20:34.276Z"}
info: Connected to the database. {"timestamp":"2024-11-13T12:20:34.339Z"}
info: Server started at http://localhost:3000/api/v1/ {"timestamp":"2024-11-13T12:21:42.704Z"}
info: Connected to the database. {"timestamp":"2024-11-13T12:21:42.764Z"}
info: Server started at http://localhost:3000/api/v1/ {"timestamp":"2024-11-13T12:33:22.844Z"}
info: Connected to the database. {"timestamp":"2024-11-13T12:33:22.892Z"}
info: Server started at http://localhost:3000/api/v1/ {"timestamp":"2024-11-13T12:33:54.456Z"}
info: Connected to the database. {"timestamp":"2024-11-13T12:33:54.514Z"}
info: Server started at http://localhost:3000/api/v1/ {"timestamp":"2024-11-13T12:33:59.745Z"}
info: Connected to the database. {"timestamp":"2024-11-13T12:33:59.801Z"}
info: Server started at http://localhost:3000/api/v1/ {"timestamp":"2024-11-13T12:34:03.340Z"}
info: Connected to the database. {"timestamp":"2024-11-13T12:34:03.400Z"}
info: Server started at http://localhost:3000/api/v1/ {"timestamp":"2024-11-13T12:34:35.102Z"}
info: Connected to the database. {"timestamp":"2024-11-13T12:34:35.151Z"}
info: Server started at http://localhost:3000/api/v1/ {"timestamp":"2024-11-13T12:35:06.017Z"}
info: Connected to the database. {"timestamp":"2024-11-13T12:35:06.091Z"}
info: Server started at http://localhost:3000/api/v1/ {"timestamp":"2024-11-13T12:35:25.668Z"}
info: Connected to the database. {"timestamp":"2024-11-13T12:35:25.695Z"}
info: Server started at http://localhost:3000/api/v1/ {"timestamp":"2024-11-13T12:42:33.769Z"}
info: Connected to the database. {"timestamp":"2024-11-13T12:42:33.799Z"}
info: Server started at http://localhost:3000/api/v1/ {"timestamp":"2024-11-13T12:43:00.140Z"}
info: Connected to the database. {"timestamp":"2024-11-13T12:43:00.194Z"}
info: Server started at http://localhost:3000/api/v1/ {"timestamp":"2024-11-13T12:43:10.458Z"}
info: Connected to the database. {"timestamp":"2024-11-13T12:43:10.508Z"}
info: Server started at http://localhost:3000/api/v1/ {"timestamp":"2024-11-13T12:43:16.755Z"}
info: Connected to the database. {"timestamp":"2024-11-13T12:43:16.808Z"}
info: Server started at http://localhost:3000/api/v1/ {"timestamp":"2024-11-13T17:14:57.564Z"}
info: Connected to the database. {"timestamp":"2024-11-13T17:14:57.629Z"}
info: Server started at http://localhost:3000/api/v1/ {"timestamp":"2024-11-13T17:15:52.811Z"}
info: Connected to the database. {"timestamp":"2024-11-13T17:15:52.858Z"}
info: Server started at http://localhost:3000/api/v1/ {"timestamp":"2024-11-13T17:29:31.369Z"}
info: Connected to the database. {"timestamp":"2024-11-13T17:29:31.416Z"}
info: Server started at http://localhost:3000/api/v1/ {"timestamp":"2024-11-13T17:29:59.789Z"}
info: Connected to the database. {"timestamp":"2024-11-13T17:29:59.843Z"}
info: Server started at http://localhost:3000/api/v1/ {"timestamp":"2024-11-13T17:30:47.744Z"}
info: Connected to the database. {"timestamp":"2024-11-13T17:30:47.798Z"}
info: Server started at http://localhost:3000/api/v1/ {"timestamp":"2024-11-13T17:40:00.028Z"}
info: Connected to the database. {"timestamp":"2024-11-13T17:40:00.120Z"}
info: Server started at http://localhost:3000/api/v1/ {"timestamp":"2024-11-13T17:43:16.917Z"}
info: Connected to the database. {"timestamp":"2024-11-13T17:43:16.989Z"}
info: Server started at http://localhost:3000/api/v1/ {"timestamp":"2024-11-13T17:44:28.418Z"}
info: Connected to the database. {"timestamp":"2024-11-13T17:44:28.487Z"}
info: Server started at http://localhost:3000/api/v1/ {"timestamp":"2024-11-13T17:49:45.165Z"}
info: Connected to the database. {"timestamp":"2024-11-13T17:49:45.229Z"}
info: Server started at http://localhost:3000/api/v1/ {"timestamp":"2024-11-13T17:51:57.190Z"}
info: Connected to the database. {"timestamp":"2024-11-13T17:51:57.241Z"}
info: Server started at http://localhost:3000/api/v1/ {"timestamp":"2024-11-13T17:53:17.735Z"}
info: Connected to the database. {"timestamp":"2024-11-13T17:53:17.786Z"}
info: Server started at http://localhost:3000/api/v1/ {"timestamp":"2024-11-13T17:57:45.705Z"}
info: Connected to the database. {"timestamp":"2024-11-13T17:57:45.762Z"}
info: Server started at http://localhost:3000/api/v1/ {"timestamp":"2024-11-13T17:59:00.595Z"}
info: Connected to the database. {"timestamp":"2024-11-13T17:59:00.655Z"}
info: Server started at http://localhost:3000/api/v1/ {"timestamp":"2024-11-13T17:59:11.699Z"}
info: Connected to the database. {"timestamp":"2024-11-13T17:59:11.751Z"}
info: Server started at http://localhost:3000/api/v1/ {"timestamp":"2024-11-13T18:01:59.422Z"}
info: Connected to the database. {"timestamp":"2024-11-13T18:01:59.486Z"}
info: Server started at http://localhost:3000/api/v1/ {"timestamp":"2024-11-13T18:18:22.911Z"}
info: Connected to the database. {"timestamp":"2024-11-13T18:18:22.971Z"}
info: Server started at http://localhost:3000/api/v1/ {"timestamp":"2024-11-13T18:22:14.475Z"}
info: Connected to the database. {"timestamp":"2024-11-13T18:22:14.531Z"}
info: Server started at http://localhost:3000/api/v1/ {"timestamp":"2024-11-13T18:23:40.465Z"}
info: Connected to the database. {"timestamp":"2024-11-13T18:23:40.519Z"}
info: Server started at http://localhost:3000/api/v1/ {"timestamp":"2024-11-13T18:24:57.311Z"}
info: Connected to the database. {"timestamp":"2024-11-13T18:24:57.364Z"}
info: Server started at http://localhost:3000/api/v1/ {"timestamp":"2024-11-13T18:26:47.062Z"}
info: Connected to the database. {"timestamp":"2024-11-13T18:26:47.127Z"}
info: Server started at http://localhost:3000/api/v1/ {"timestamp":"2024-11-13T18:29:23.503Z"}
info: Connected to the database. {"timestamp":"2024-11-13T18:29:23.556Z"}